Virtual User Script started at: 26-08-2020 18:27:32
Starting action vuser_init.
Web Turbo Replay of LoadRunner 2020.0.0 for Windows 10; build 793 (Nov 27 2019 19:51:20)  	[MsgId: MMSG-26983]
Run mode: HTML  	[MsgId: MMSG-26993]
Replay user agent: Mozilla/5.0 (Windows NT 10.0; Win64; x64) AppleWebKit/537.36 (KHTML, like Gecko) Chrome/84.0.4147.135 Safari/537.36  	[MsgId: MMSG-26988]
Runtime Settings file: "C:\Project\PVI\Scripts\ViewCase_FCE2\\default.cfg"  	[MsgId: MMSG-27141]
Ending action vuser_init.
Running Vuser...
Starting iteration 1.
Starting action Action.
Action.c(4): web_set_sockets_option started  	[MsgId: MMSG-26355]
Action.c(4): web_set_sockets_option was successful  	[MsgId: MMSG-26392]
Action.c(6): web_set_sockets_option started  	[MsgId: MMSG-26355]
Action.c(6): web_set_sockets_option was successful  	[MsgId: MMSG-26392]
Action.c(8): web_cleanup_auto_headers started  	[MsgId: MMSG-26355]
Action.c(8): web_cleanup_auto_headers was successful  	[MsgId: MMSG-26392]
Action.c(9): web_set_max_html_param_len started  	[MsgId: MMSG-26355]
Action.c(9): web_set_max_html_param_len was successful  	[MsgId: MMSG-26392]
Action.c(11): Notify: Transaction "ViewCaseFCE_01_OpenApplication" started.
Action.c(14): web_reg_find started  	[MsgId: MMSG-26355]
Action.c(14): Registering web_reg_find was successful  	[MsgId: MMSG-26390]
Action.c(18): web_concurrent_start started  	[MsgId: MMSG-26355]
Action.c(18): Warning -27123: Pending web_reg_save_param/web_reg_find/web_create_html_param/web_create_html_param_ex request(s) before web_concurrent_start apply to the first Action function within the group, not to the entire group  	[MsgId: MWAR-27123]
Action.c(18): web_concurrent_start highest severity level was "warning"  	[MsgId: MMSG-26391]
Action.c(19): web_url("external") started  	[MsgId: MMSG-26355]
Action.c(19): Registering web_url("external") was successful  	[MsgId: MMSG-26390]
Action.c(31): web_url("bootstrap.min-79b5346433d3bdf736aab2379a008083.js") started  	[MsgId: MMSG-26355]
Action.c(31): Registering web_url("bootstrap.min-79b5346433d3bdf736aab2379a008083.js") was successful  	[MsgId: MMSG-26390]
Action.c(39): web_url("notify.min-a1134657dba6e98914066f2530604e68.js") started  	[MsgId: MMSG-26355]
Action.c(39): Registering web_url("notify.min-a1134657dba6e98914066f2530604e68.js") was successful  	[MsgId: MMSG-26390]
Action.c(79): web_url("jquery.core-2521768e514d3a431ddca828a1bebd3c.js") started  	[MsgId: MMSG-26355]
Action.c(79): Registering web_url("jquery.core-2521768e514d3a431ddca828a1bebd3c.js") was successful  	[MsgId: MMSG-26390]
Action.c(87): web_url("notify-metro-3463085bfd0a7cac9f983d075b271bca.js") started  	[MsgId: MMSG-26355]
Action.c(87): Registering web_url("notify-metro-3463085bfd0a7cac9f983d075b271bca.js") was successful  	[MsgId: MMSG-26390]
Action.c(98): web_url("bootstrap-c5ae98cdc147f655f96564c4340000c4.css") started  	[MsgId: MMSG-26355]
Action.c(98): Registering web_url("bootstrap-c5ae98cdc147f655f96564c4340000c4.css") was successful  	[MsgId: MMSG-26390]
Action.c(128): web_url("login-17e4cb116ee46711bb739b7018d00771.css") started  	[MsgId: MMSG-26355]
Action.c(128): Registering web_url("login-17e4cb116ee46711bb739b7018d00771.css") was successful  	[MsgId: MMSG-26390]
Action.c(139): web_url("jquery-fdb24ba38c94d04e948de967076c64aa.js") started  	[MsgId: MMSG-26355]
Action.c(139): Registering web_url("jquery-fdb24ba38c94d04e948de967076c64aa.js") was successful  	[MsgId: MMSG-26390]
Action.c(147): web_concurrent_end started  	[MsgId: MMSG-26355]
Action.c(147): Registered web_reg_find successful for "Text=Login" (count=1)  	[MsgId: MMSG-26364]
Action.c(147): web_concurrent_end was successful, 104870 body bytes, 2969 header bytes, 35 chunking overhead bytes  	[MsgId: MMSG-26385]
Action.c(151): Notify: Transaction "ViewCaseFCE_01_OpenApplication" ended with a "Pass" status (Duration: 10.4445 Wasted Time: 0.1408).
Action.c(155): Notify: Transaction "ViewCaseFCE_02_Login" started.
Action.c(159): web_reg_save_param_regexp started  	[MsgId: MMSG-26355]
Action.c(159): Registering web_reg_save_param_regexp was successful  	[MsgId: MMSG-26390]
Action.c(168): web_reg_find started  	[MsgId: MMSG-26355]
Action.c(168): Registering web_reg_find was successful  	[MsgId: MMSG-26390]
Action.c(173): web_add_header("Sec-Fetch-Dest") started  	[MsgId: MMSG-26355]
Action.c(173): web_add_header("Sec-Fetch-Dest") was successful  	[MsgId: MMSG-26392]
Action.c(176): web_add_auto_header("Sec-Fetch-Mode") started  	[MsgId: MMSG-26355]
Action.c(176): web_add_auto_header("Sec-Fetch-Mode") was successful  	[MsgId: MMSG-26392]
Action.c(180): web_add_auto_header("Sec-Fetch-Site") started  	[MsgId: MMSG-26355]
Action.c(180): web_add_auto_header("Sec-Fetch-Site") was successful  	[MsgId: MMSG-26392]
Action.c(183): web_add_header("Sec-Fetch-User") started  	[MsgId: MMSG-26355]
Action.c(183): web_add_header("Sec-Fetch-User") was successful  	[MsgId: MMSG-26392]
Action.c(186): web_add_header("Upgrade-Insecure-Requests") started  	[MsgId: MMSG-26355]
Action.c(186): web_add_header("Upgrade-Insecure-Requests") was successful  	[MsgId: MMSG-26392]
Action.c(190): web_submit_data("authenticate") started  	[MsgId: MMSG-26355]
Action.c(190): Redirecting "http://10.100.22.34:8083/login/authenticate" (redirection depth is 0)  	[MsgId: MMSG-26694]
Action.c(190): To location "http://10.100.22.34:8083/?token=bfa6b12a-b466-41aa-8847-c918c03e7607"  	[MsgId: MMSG-26693]
Action.c(190): Registered web_reg_find successful for "Text=Welcome to PV Admin" (count=3)  	[MsgId: MMSG-26364]
Action.c(190): web_submit_data("authenticate") was successful, 3269 body bytes, 561 header bytes, 63 chunking overhead bytes  	[MsgId: MMSG-26385]
Action.c(203): web_add_header("Accept") started  	[MsgId: MMSG-26355]
Action.c(203): web_add_header("Accept") was successful  	[MsgId: MMSG-26392]
Action.c(207): web_concurrent_start started  	[MsgId: MMSG-26355]
Action.c(207): web_concurrent_start was successful  	[MsgId: MMSG-26392]
Action.c(209): web_url("application-3d87bac6ca7e570033e3b49e320180b2.css") started  	[MsgId: MMSG-26355]
Action.c(209): Registering web_url("application-3d87bac6ca7e570033e3b49e320180b2.css") was successful  	[MsgId: MMSG-26390]
Action.c(220): web_url("jquery-2.2.4-f3b292379cbb03d9a68dc04fb0ac6bf5.js") started  	[MsgId: MMSG-26355]
Action.c(220): Registering web_url("jquery-2.2.4-f3b292379cbb03d9a68dc04fb0ac6bf5.js") was successful  	[MsgId: MMSG-26390]
Action.c(231): web_url("UIConstants-e05f20031f3c986ffd86b552402112e0.js") started  	[MsgId: MMSG-26355]
Action.c(231): Registering web_url("UIConstants-e05f20031f3c986ffd86b552402112e0.js") was successful  	[MsgId: MMSG-26390]
Action.c(242): web_url("change-theme-d6b58272d1305acd108c19d477017de0.js") started  	[MsgId: MMSG-26355]
Action.c(242): Registering web_url("change-theme-d6b58272d1305acd108c19d477017de0.js") was successful  	[MsgId: MMSG-26390]
Action.c(253): web_url("application-73702747dcb4dc1831955be89087898f.js") started  	[MsgId: MMSG-26355]
Action.c(253): Registering web_url("application-73702747dcb4dc1831955be89087898f.js") was successful  	[MsgId: MMSG-26390]
Action.c(269): web_url("loadTheme") started  	[MsgId: MMSG-26355]
Action.c(269): Registering web_url("loadTheme") was successful  	[MsgId: MMSG-26390]
Action.c(281): web_url("en.json") started  	[MsgId: MMSG-26355]
Action.c(281): Registering web_url("en.json") was successful  	[MsgId: MMSG-26390]
Action.c(298): web_url("OpenSans-Regular-cffb686d7d2f4682df8342bd4d276e09.woff2") started  	[MsgId: MMSG-26355]
Action.c(298): Registering web_url("OpenSans-Regular-cffb686d7d2f4682df8342bd4d276e09.woff2") was successful  	[MsgId: MMSG-26390]
Action.c(311): web_url("fontawesome-webfont-af7ae505a9eed503f8b8e6982036873e.woff2") started  	[MsgId: MMSG-26355]
Action.c(311): Registering web_url("fontawesome-webfont-af7ae505a9eed503f8b8e6982036873e.woff2") was successful  	[MsgId: MMSG-26390]
Action.c(324): web_url("materialdesignicons-webfont-af3f6dbe172a9c1aba77366a2ff630d1.woff2") started  	[MsgId: MMSG-26355]
Action.c(324): Registering web_url("materialdesignicons-webfont-af3f6dbe172a9c1aba77366a2ff630d1.woff2") was successful  	[MsgId: MMSG-26390]
Action.c(331): web_concurrent_end started  	[MsgId: MMSG-26355]
Action.c(331): web_concurrent_end was successful, 750799 body bytes, 3202 header bytes, 21 chunking overhead bytes  	[MsgId: MMSG-26385]
Action.c(333): Notify: Transaction "ViewCaseFCE_02_Login" ended with a "Pass" status (Duration: 5.3998 Wasted Time: 0.3356).
Action.c(337): Notify: Transaction "ViewCaseFCE_03_NavigateToPVIntake" started.
Action.c(341): web_reg_save_param_regexp started  	[MsgId: MMSG-26355]
Action.c(341): Registering web_reg_save_param_regexp was successful  	[MsgId: MMSG-26390]
Action.c(350): web_reg_find started  	[MsgId: MMSG-26355]
Action.c(350): Registering web_reg_find was successful  	[MsgId: MMSG-26390]
Action.c(354): web_url("10.100.22.243:8081") started  	[MsgId: MMSG-26355]
Action.c(354): Redirecting "http://10.100.22.243:8081/" (redirection depth is 0)  	[MsgId: MMSG-26694]
Action.c(354): To location "http://10.100.22.243:8081/login/index"  	[MsgId: MMSG-26693]
Action.c(354): Redirecting "http://10.100.22.243:8081/login/index" (redirection depth is 1)  	[MsgId: MMSG-26694]
Action.c(354): To location "http://10.100.22.243:8081/login/auth?format="  	[MsgId: MMSG-26693]
Action.c(354): Redirecting "http://10.100.22.243:8081/login/auth?format=" (redirection depth is 2)  	[MsgId: MMSG-26694]
Action.c(354): To location "http://10.100.22.34:8083/auth?callBackUrl=http://10.100.22.243:8081/login/success"  	[MsgId: MMSG-26693]
Action.c(354): Redirecting "http://10.100.22.34:8083/auth?callBackUrl=http://10.100.22.243:8081/login/success" (redirection depth is 3)  	[MsgId: MMSG-26694]
Action.c(354): To location "http://10.100.22.243:8081/login/success?token=bfa6b12a-b466-41aa-8847-c918c03e7607"  	[MsgId: MMSG-26693]
Action.c(354): Redirecting "http://10.100.22.243:8081/login/success?token=bfa6b12a-b466-41aa-8847-c918c03e7607" (redirection depth is 4)  	[MsgId: MMSG-26694]
Action.c(354): To location "http://10.100.22.243:8081/"  	[MsgId: MMSG-26693]
Action.c(354): Registered web_reg_find successful for "Text=PV Intake" (count=1)  	[MsgId: MMSG-26364]
Action.c(354): web_url("10.100.22.243:8081") was successful, 24014 body bytes, 1580 header bytes, 364 chunking overhead bytes  	[MsgId: MMSG-26385]
Action.c(363): web_add_header("Accept") started  	[MsgId: MMSG-26355]
Action.c(363): web_add_header("Accept") was successful  	[MsgId: MMSG-26392]
Action.c(366): web_concurrent_start started  	[MsgId: MMSG-26355]
Action.c(366): web_concurrent_start was successful  	[MsgId: MMSG-26392]
Action.c(368): web_url("dashboard-manifest-b8c4a5998dad68d4595e4d0aa8d50016.css") started  	[MsgId: MMSG-26355]
Action.c(368): Registering web_url("dashboard-manifest-b8c4a5998dad68d4595e4d0aa8d50016.css") was successful  	[MsgId: MMSG-26390]
Action.c(379): web_url("application-13a1ddae267b7b6a32d12cfb1ac98e43.css") started  	[MsgId: MMSG-26355]
Action.c(379): Registering web_url("application-13a1ddae267b7b6a32d12cfb1ac98e43.css") was successful  	[MsgId: MMSG-26390]
Action.c(390): web_url("jquery-2.2.4-e72e6e97da5fd952079c33c415741fc6.js") started  	[MsgId: MMSG-26355]
Action.c(390): Registering web_url("jquery-2.2.4-e72e6e97da5fd952079c33c415741fc6.js") was successful  	[MsgId: MMSG-26390]
Action.c(401): web_url("application-a0469687a4859320633b35ed9c5374ee.js") started  	[MsgId: MMSG-26355]
Action.c(401): Registering web_url("application-a0469687a4859320633b35ed9c5374ee.js") was successful  	[MsgId: MMSG-26390]
Action.c(412): web_url("dashboard-manifest-10f1ed9d89cf396671bd4e3042b74253.js") started  	[MsgId: MMSG-26355]
Action.c(412): Registering web_url("dashboard-manifest-10f1ed9d89cf396671bd4e3042b74253.js") was successful  	[MsgId: MMSG-26390]
Action.c(423): web_url("attachmentViewer-manifest-b347c0c37643c7b9e173f4b09adae617.js") started  	[MsgId: MMSG-26355]
Action.c(423): Registering web_url("attachmentViewer-manifest-b347c0c37643c7b9e173f4b09adae617.js") was successful  	[MsgId: MMSG-26390]
Action.c(439): web_url("OpenSans-Regular-cffb686d7d2f4682df8342bd4d276e09.woff2_2") started  	[MsgId: MMSG-26355]
Action.c(439): Registering web_url("OpenSans-Regular-cffb686d7d2f4682df8342bd4d276e09.woff2_2") was successful  	[MsgId: MMSG-26390]
Action.c(476): web_url("materialdesignicons-webfont-af3f6dbe172a9c1aba77366a2ff630d1.woff2_2") started  	[MsgId: MMSG-26355]
Action.c(476): Registering web_url("materialdesignicons-webfont-af3f6dbe172a9c1aba77366a2ff630d1.woff2_2") was successful  	[MsgId: MMSG-26390]
Action.c(483): web_url("referenceData") started  	[MsgId: MMSG-26355]
Action.c(483): Registering web_url("referenceData") was successful  	[MsgId: MMSG-26390]
Action.c(495): web_url("loadServerTime") started  	[MsgId: MMSG-26355]
Action.c(495): Registering web_url("loadServerTime") was successful  	[MsgId: MMSG-26390]
Action.c(507): web_url("personalStats") started  	[MsgId: MMSG-26355]
Action.c(507): Registering web_url("personalStats") was successful  	[MsgId: MMSG-26390]
Action.c(519): web_url("fontawesome-webfont-af7ae505a9eed503f8b8e6982036873e.woff2_2") started  	[MsgId: MMSG-26355]
Action.c(519): Registering web_url("fontawesome-webfont-af7ae505a9eed503f8b8e6982036873e.woff2_2") was successful  	[MsgId: MMSG-26390]
Action.c(526): web_url("en-US.json") started  	[MsgId: MMSG-26355]
Action.c(526): Registering web_url("en-US.json") was successful  	[MsgId: MMSG-26390]
Action.c(535): web_url("1") started  	[MsgId: MMSG-26355]
Action.c(535): Registering web_url("1") was successful  	[MsgId: MMSG-26390]
Action.c(544): web_url("commentTemplate.html") started  	[MsgId: MMSG-26355]
Action.c(544): Registering web_url("commentTemplate.html") was successful  	[MsgId: MMSG-26390]
Action.c(553): web_url("contextMenuTemplate.html") started  	[MsgId: MMSG-26355]
Action.c(553): Registering web_url("contextMenuTemplate.html") was successful  	[MsgId: MMSG-26390]
Action.c(562): web_url("predefinedSearch.json") started  	[MsgId: MMSG-26355]
Action.c(562): Registering web_url("predefinedSearch.json") was successful  	[MsgId: MMSG-26390]
Action.c(571): web_url("copyOverlayTemplate.html") started  	[MsgId: MMSG-26355]
Action.c(571): Registering web_url("copyOverlayTemplate.html") was successful  	[MsgId: MMSG-26390]
Action.c(580): web_url("hyperlinkMenuTemplate.html") started  	[MsgId: MMSG-26355]
Action.c(580): Registering web_url("hyperlinkMenuTemplate.html") was successful  	[MsgId: MMSG-26390]
Action.c(589): web_url("redactionReason.json") started  	[MsgId: MMSG-26355]
Action.c(589): Registering web_url("redactionReason.json") was successful  	[MsgId: MMSG-26390]
Action.c(598): web_url("downloadOverlayTemplate.html") started  	[MsgId: MMSG-26355]
Action.c(598): Registering web_url("downloadOverlayTemplate.html") was successful  	[MsgId: MMSG-26390]
Action.c(607): web_concurrent_end started  	[MsgId: MMSG-26355]
Action.c(607): web_concurrent_end was successful, 1105346 body bytes, 6838 header bytes, 106 chunking overhead bytes  	[MsgId: MMSG-26385]
Action.c(612): web_add_header("X-CSRF-TOKEN") started  	[MsgId: MMSG-26355]
Action.c(612): web_add_header("X-CSRF-TOKEN") was successful  	[MsgId: MMSG-26392]
Action.c(615): web_submit_data("loadState") started  	[MsgId: MMSG-26355]
Action.c(615): web_submit_data("loadState") was successful, 646 body bytes, 250 header bytes, 28 chunking overhead bytes  	[MsgId: MMSG-26385]
Action.c(627): web_concurrent_start started  	[MsgId: MMSG-26355]
Action.c(627): web_concurrent_start was successful  	[MsgId: MMSG-26392]
Action.c(629): web_url("imageStampOverlayTemplate.html") started  	[MsgId: MMSG-26355]
Action.c(629): Registering web_url("imageStampOverlayTemplate.html") was successful  	[MsgId: MMSG-26390]
Action.c(638): web_url("pageRedactionOverlayTemplate.html") started  	[MsgId: MMSG-26355]
Action.c(638): Registering web_url("pageRedactionOverlayTemplate.html") was successful  	[MsgId: MMSG-26390]
Action.c(648): web_url("printOverlayTemplate.html") started  	[MsgId: MMSG-26355]
Action.c(648): Registering web_url("printOverlayTemplate.html") was successful  	[MsgId: MMSG-26390]
Action.c(657): web_url("printTemplate.html") started  	[MsgId: MMSG-26355]
Action.c(657): Registering web_url("printTemplate.html") was successful  	[MsgId: MMSG-26390]
Action.c(666): web_url("redactionReasonTemplate.html") started  	[MsgId: MMSG-26355]
Action.c(666): Registering web_url("redactionReasonTemplate.html") was successful  	[MsgId: MMSG-26390]
Action.c(675): web_url("unsavedChangesOverlayTemplate.html") started  	[MsgId: MMSG-26355]
Action.c(675): Registering web_url("unsavedChangesOverlayTemplate.html") was successful  	[MsgId: MMSG-26390]
Action.c(684): web_url("viewerTemplate.html") started  	[MsgId: MMSG-26355]
Action.c(684): Registering web_url("viewerTemplate.html") was successful  	[MsgId: MMSG-26390]
Action.c(693): web_concurrent_end started  	[MsgId: MMSG-26355]
Action.c(693): web_concurrent_end was successful, 10811 body bytes, 2493 header bytes  	[MsgId: MMSG-26386]
Action.c(695): web_add_auto_header("Accept") started  	[MsgId: MMSG-26355]
Action.c(695): web_add_auto_header("Accept") was successful  	[MsgId: MMSG-26392]
Action.c(698): web_add_header("Origin") started  	[MsgId: MMSG-26355]
Action.c(698): web_add_header("Origin") was successful  	[MsgId: MMSG-26392]
Action.c(701): web_add_header("X-CSRF-TOKEN") started  	[MsgId: MMSG-26355]
Action.c(701): web_add_header("X-CSRF-TOKEN") was successful  	[MsgId: MMSG-26392]
Action.c(704): web_submit_data("updateWidget") started  	[MsgId: MMSG-26355]
Action.c(704): web_submit_data("updateWidget") was successful, 41 body bytes, 250 header bytes, 21 chunking overhead bytes  	[MsgId: MMSG-26385]
Action.c(715): web_add_auto_header("Accept") started  	[MsgId: MMSG-26355]
Action.c(715): web_add_auto_header("Accept") was successful  	[MsgId: MMSG-26392]
Action.c(718): web_url("esignOverlayTemplate.html") started  	[MsgId: MMSG-26355]
Action.c(718): web_url("esignOverlayTemplate.html") was successful, 846 body bytes, 354 header bytes  	[MsgId: MMSG-26386]
Action.c(727): web_url("overwriteOverlayTemplate.html") started  	[MsgId: MMSG-26355]
Action.c(727): web_url("overwriteOverlayTemplate.html") was successful, 205 body bytes, 358 header bytes  	[MsgId: MMSG-26386]
Action.c(736): web_add_auto_header("Origin") started  	[MsgId: MMSG-26355]
Action.c(736): web_add_auto_header("Origin") was successful  	[MsgId: MMSG-26392]
Action.c(739): web_add_header("X-CSRF-TOKEN") started  	[MsgId: MMSG-26355]
Action.c(739): web_add_header("X-CSRF-TOKEN") was successful  	[MsgId: MMSG-26392]
Action.c(742): web_submit_data("1_2") started  	[MsgId: MMSG-26355]
Action.c(742): web_submit_data("1_2") was successful, 80 body bytes, 250 header bytes, 21 chunking overhead bytes  	[MsgId: MMSG-26385]
Action.c(1222): web_url("glyphicons-halflings-regular-448c34a56d699c29117adc64c43affeb.woff2") started  	[MsgId: MMSG-26355]
Action.c(1222): web_url("glyphicons-halflings-regular-448c34a56d699c29117adc64c43affeb.woff2") was successful, 18056 body bytes, 311 header bytes  	[MsgId: MMSG-26386]
Action.c(1229): Notify: Transaction "ViewCaseFCE_03_NavigateToPVIntake" ended with a "Pass" status (Duration: 23.8482 Wasted Time: 0.4956).
Action.c(1233): Notify: Transaction "ViewCaseFCE_04_IntakeQueue" started.
Action.c(1236): web_reg_find started  	[MsgId: MMSG-26355]
Action.c(1236): Registering web_reg_find was successful  	[MsgId: MMSG-26390]
Action.c(1240): web_url("queue") started  	[MsgId: MMSG-26355]
Action.c(1240): Registered web_reg_find successful for "Text=PV Intake - Intake Queue" (count=1)  	[MsgId: MMSG-26364]
Action.c(1240): web_url("queue") was successful, 17271 body bytes, 265 header bytes, 253 chunking overhead bytes  	[MsgId: MMSG-26385]
Action.c(1249): web_concurrent_start started  	[MsgId: MMSG-26355]
Action.c(1249): web_concurrent_start was successful  	[MsgId: MMSG-26392]
Action.c(1251): web_url("list-24eb5f840484c7ed5a76f95c9fe17ba2.css") started  	[MsgId: MMSG-26355]
Action.c(1251): Registering web_url("list-24eb5f840484c7ed5a76f95c9fe17ba2.css") was successful  	[MsgId: MMSG-26390]
Action.c(1259): web_url("UIConstants-ee3587ab40d47b8bed173814ecf5a0be.js") started  	[MsgId: MMSG-26355]
Action.c(1259): Registering web_url("UIConstants-ee3587ab40d47b8bed173814ecf5a0be.js") was successful  	[MsgId: MMSG-26390]
Action.c(1267): web_url("list-manifest-185621e31c59b25205353c6a318d5899.js") started  	[MsgId: MMSG-26355]
Action.c(1267): Registering web_url("list-manifest-185621e31c59b25205353c6a318d5899.js") was successful  	[MsgId: MMSG-26390]
Action.c(1275): web_url("change-theme-6ebd5f05979bc64dfe2d6f10b3e3b3db.js") started  	[MsgId: MMSG-26355]
Action.c(1275): Registering web_url("change-theme-6ebd5f05979bc64dfe2d6f10b3e3b3db.js") was successful  	[MsgId: MMSG-26390]
Action.c(1291): web_url("loadTheme_2") started  	[MsgId: MMSG-26355]
Action.c(1291): Registering web_url("loadTheme_2") was successful  	[MsgId: MMSG-26390]
Action.c(1300): web_url("redactionReason.json_2") started  	[MsgId: MMSG-26355]
Action.c(1300): Registering web_url("redactionReason.json_2") was successful  	[MsgId: MMSG-26390]
Action.c(1309): web_url("predefinedSearch.json_2") started  	[MsgId: MMSG-26355]
Action.c(1309): Registering web_url("predefinedSearch.json_2") was successful  	[MsgId: MMSG-26390]
Action.c(1318): web_url("downloadOverlayTemplate.html_2") started  	[MsgId: MMSG-26355]
Action.c(1318): Registering web_url("downloadOverlayTemplate.html_2") was successful  	[MsgId: MMSG-26390]
Action.c(1327): web_url("esignOverlayTemplate.html_2") started  	[MsgId: MMSG-26355]
Action.c(1327): Registering web_url("esignOverlayTemplate.html_2") was successful  	[MsgId: MMSG-26390]
Action.c(1336): web_url("en-US.json_2") started  	[MsgId: MMSG-26355]
Action.c(1336): Registering web_url("en-US.json_2") was successful  	[MsgId: MMSG-26390]
Action.c(1345): web_url("commentTemplate.html_2") started  	[MsgId: MMSG-26355]
Action.c(1345): Registering web_url("commentTemplate.html_2") was successful  	[MsgId: MMSG-26390]
Action.c(1354): web_url("hyperlinkMenuTemplate.html_2") started  	[MsgId: MMSG-26355]
Action.c(1354): Registering web_url("hyperlinkMenuTemplate.html_2") was successful  	[MsgId: MMSG-26390]
Action.c(1363): web_url("imageStampOverlayTemplate.html_2") started  	[MsgId: MMSG-26355]
Action.c(1363): Registering web_url("imageStampOverlayTemplate.html_2") was successful  	[MsgId: MMSG-26390]
Action.c(1372): web_url("overwriteOverlayTemplate.html_2") started  	[MsgId: MMSG-26355]
Action.c(1372): Registering web_url("overwriteOverlayTemplate.html_2") was successful  	[MsgId: MMSG-26390]
Action.c(1381): web_url("printTemplate.html_2") started  	[MsgId: MMSG-26355]
Action.c(1381): Registering web_url("printTemplate.html_2") was successful  	[MsgId: MMSG-26390]
Action.c(1390): web_url("redactionReasonTemplate.html_2") started  	[MsgId: MMSG-26355]
Action.c(1390): Registering web_url("redactionReasonTemplate.html_2") was successful  	[MsgId: MMSG-26390]
Action.c(1399): web_url("unsavedChangesOverlayTemplate.html_2") started  	[MsgId: MMSG-26355]
Action.c(1399): Registering web_url("unsavedChangesOverlayTemplate.html_2") was successful  	[MsgId: MMSG-26390]
Action.c(1408): web_url("pageRedactionOverlayTemplate.html_2") started  	[MsgId: MMSG-26355]
Action.c(1408): Registering web_url("pageRedactionOverlayTemplate.html_2") was successful  	[MsgId: MMSG-26390]
Action.c(1417): web_url("printOverlayTemplate.html_2") started  	[MsgId: MMSG-26355]
Action.c(1417): Registering web_url("printOverlayTemplate.html_2") was successful  	[MsgId: MMSG-26390]
Action.c(1426): web_url("copyOverlayTemplate.html_2") started  	[MsgId: MMSG-26355]
Action.c(1426): Registering web_url("copyOverlayTemplate.html_2") was successful  	[MsgId: MMSG-26390]
Action.c(1435): web_url("viewerTemplate.html_2") started  	[MsgId: MMSG-26355]
Action.c(1435): Registering web_url("viewerTemplate.html_2") was successful  	[MsgId: MMSG-26390]
Action.c(1444): web_url("2") started  	[MsgId: MMSG-26355]
Action.c(1444): Registering web_url("2") was successful  	[MsgId: MMSG-26390]
Action.c(1456): web_url("loadServerTime_2") started  	[MsgId: MMSG-26355]
Action.c(1456): Registering web_url("loadServerTime_2") was successful  	[MsgId: MMSG-26390]
Action.c(1465): web_concurrent_end started  	[MsgId: MMSG-26355]
Action.c(1465): web_concurrent_end was successful, 83151 body bytes, 7784 header bytes, 84 chunking overhead bytes  	[MsgId: MMSG-26385]
Action.c(1467): web_add_auto_header("Accept") started  	[MsgId: MMSG-26355]
Action.c(1467): web_add_auto_header("Accept") was successful  	[MsgId: MMSG-26392]
Action.c(1470): web_add_auto_header("Origin") started  	[MsgId: MMSG-26355]
Action.c(1470): web_add_auto_header("Origin") was successful  	[MsgId: MMSG-26392]
Action.c(1473): web_add_auto_header("X-CSRF-TOKEN") started  	[MsgId: MMSG-26355]
Action.c(1473): web_add_auto_header("X-CSRF-TOKEN") was successful  	[MsgId: MMSG-26392]
Action.c(1476): web_submit_data("loadState_2") started  	[MsgId: MMSG-26355]
Action.c(1476): web_submit_data("loadState_2") was successful, 609 body bytes, 250 header bytes, 28 chunking overhead bytes  	[MsgId: MMSG-26385]
Action.c(1488): web_submit_data("saveState") started  	[MsgId: MMSG-26355]
Action.c(1488): web_submit_data("saveState") was successful, 41 body bytes, 243 header bytes, 21 chunking overhead bytes  	[MsgId: MMSG-26385]
Action.c(1518): web_submit_data("saveState_2") started  	[MsgId: MMSG-26355]
Action.c(1518): web_submit_data("saveState_2") was successful, 41 body bytes, 243 header bytes, 21 chunking overhead bytes  	[MsgId: MMSG-26385]
Action.c(1548): web_remove_auto_header("Origin") started  	[MsgId: MMSG-26355]
Action.c(1548): Previous automatically added web header for "Origin" removed  	[MsgId: MMSG-26587]
Action.c(1548): web_remove/revert_auto_header("Origin") was successful  	[MsgId: MMSG-26392]
Action.c(1550): web_remove_auto_header("X-CSRF-TOKEN") started  	[MsgId: MMSG-26355]
Action.c(1550): Previous automatically added web header for "X-CSRF-TOKEN" removed  	[MsgId: MMSG-26587]
Action.c(1550): web_remove/revert_auto_header("X-CSRF-TOKEN") was successful  	[MsgId: MMSG-26392]
Action.c(1552): web_url("contextMenuTemplate.html_2") started  	[MsgId: MMSG-26355]
Action.c(1552): web_url("contextMenuTemplate.html_2") was successful, 2860 body bytes, 354 header bytes  	[MsgId: MMSG-26386]
Action.c(1561): web_add_header("Origin") started  	[MsgId: MMSG-26355]
Action.c(1561): web_add_header("Origin") was successful  	[MsgId: MMSG-26392]
Action.c(1564): web_add_header("X-CSRF-TOKEN") started  	[MsgId: MMSG-26355]
Action.c(1564): web_add_header("X-CSRF-TOKEN") was successful  	[MsgId: MMSG-26392]
Action.c(1567): web_submit_data("2_2") started  	[MsgId: MMSG-26355]
Action.c(1567): web_submit_data("2_2") was successful, 11072 body bytes, 250 header bytes, 169 chunking overhead bytes  	[MsgId: MMSG-26385]
Action.c(2049): web_url("casePrioritySelect.hbs") started  	[MsgId: MMSG-26355]
Action.c(2049): web_url("casePrioritySelect.hbs") was successful, 147 body bytes, 302 header bytes  	[MsgId: MMSG-26386]
Action.c(2058): web_url("viewAction.hbs") started  	[MsgId: MMSG-26355]
Action.c(2058): web_url("viewAction.hbs") was successful, 1016 body bytes, 295 header bytes  	[MsgId: MMSG-26386]
Action.c(2065): web_url("getActionViewList") started  	[MsgId: MMSG-26355]
Action.c(2065): web_url("getActionViewList") was successful, 1212 body bytes, 250 header bytes, 35 chunking overhead bytes  	[MsgId: MMSG-26385]
Action.c(2076): Notify: Transaction "ViewCaseFCE_04_IntakeQueue" ended with a "Pass" status (Duration: 10.4476 Wasted Time: 0.1797).
Action.c(2080): Notify: Transaction "ViewCaseFCE_05_IntakeQueueMyCases" started.
Action.c(2082): web_add_auto_header("Origin") started  	[MsgId: MMSG-26355]
Action.c(2082): web_add_auto_header("Origin") was successful  	[MsgId: MMSG-26392]
Action.c(2085): web_add_auto_header("X-CSRF-TOKEN") started  	[MsgId: MMSG-26355]
Action.c(2085): web_add_auto_header("X-CSRF-TOKEN") was successful  	[MsgId: MMSG-26392]
Action.c(2088): web_submit_data("2_3") started  	[MsgId: MMSG-26355]
Action.c(2088): web_submit_data("2_3") was successful, 10992 body bytes, 250 header bytes, 168 chunking overhead bytes  	[MsgId: MMSG-26385]
Action.c(2568): web_submit_data("saveState_3") started  	[MsgId: MMSG-26355]
Action.c(2568): web_submit_data("saveState_3") was successful, 41 body bytes, 243 header bytes, 21 chunking overhead bytes  	[MsgId: MMSG-26385]
Action.c(2598): Notify: Transaction "ViewCaseFCE_05_IntakeQueueMyCases" ended with a "Pass" status (Duration: 2.1757 Wasted Time: 0.0384).
Action.c(2603): Notify: Transaction "ViewCaseFCE_06_IntakeQueueAllCases" started.
Action.c(2605): web_submit_data("2_4") started  	[MsgId: MMSG-26355]
Action.c(2605): web_submit_data("2_4") was successful, 11072 body bytes, 250 header bytes, 169 chunking overhead bytes  	[MsgId: MMSG-26385]
Action.c(3085): web_submit_data("saveState_4") started  	[MsgId: MMSG-26355]
Action.c(3085): web_submit_data("saveState_4") was successful, 41 body bytes, 243 header bytes, 21 chunking overhead bytes  	[MsgId: MMSG-26385]
Action.c(3115): Notify: Transaction "ViewCaseFCE_06_IntakeQueueAllCases" ended with a "Pass" status (Duration: 2.1828 Wasted Time: 0.0427).
Action.c(3119): Notify: Transaction "ViewCaseFCE_SearchCase" started.
Action.c(3121): web_custom_request("saveState_5") started  	[MsgId: MMSG-26355]
Action.c(3121): web_custom_request("saveState_5") was successful, 41 body bytes, 243 header bytes, 21 chunking overhead bytes  	[MsgId: MMSG-26385]
Action.c(3139): web_reg_save_param_ex started  	[MsgId: MMSG-26355]
Action.c(3139): Registering web_reg_save_param_ex was successful  	[MsgId: MMSG-26390]
Action.c(3147): web_reg_find started  	[MsgId: MMSG-26355]
Action.c(3147): Registering web_reg_find was successful  	[MsgId: MMSG-26390]
Action.c(3151): web_submit_data("2_5") started  	[MsgId: MMSG-26355]
Action.c(3151): Registered web_reg_find successful for "Text=20200800138" (count=2)  	[MsgId: MMSG-26364]
Action.c(3151): web_submit_data("2_5") was successful, 1552 body bytes, 250 header bytes, 36 chunking overhead bytes  	[MsgId: MMSG-26385]
Action.c(3631): web_submit_data("saveState_6") started  	[MsgId: MMSG-26355]
Action.c(3631): web_submit_data("saveState_6") was successful, 41 body bytes, 243 header bytes, 21 chunking overhead bytes  	[MsgId: MMSG-26385]
Action.c(3662): Notify: Transaction "ViewCaseFCE_SearchCase" ended with a "Pass" status (Duration: 2.2015 Wasted Time: 0.0248).
Action.c(3666): Notify: Transaction "ViewCaseFCE_07_ViewCase_FCE_5Prod10Events" started.
Action.c(3670): web_reg_find started  	[MsgId: MMSG-26355]
Action.c(3670): Registering web_reg_find was successful  	[MsgId: MMSG-26390]
Action.c(3674): web_url("244399") started  	[MsgId: MMSG-26355]
Action.c(3674): Registered web_reg_find successful for "Text=PV Intake - Full Case Entry" (count=1)  	[MsgId: MMSG-26364]
Action.c(3674): web_url("244399") was successful, 76306 body bytes, 318 header bytes, 1069 chunking overhead bytes  	[MsgId: MMSG-26385]
Action.c(3683): web_concurrent_start started  	[MsgId: MMSG-26355]
Action.c(3683): web_concurrent_start was successful  	[MsgId: MMSG-26392]
Action.c(3685): web_url("case-entry-manifest-0691008e616302be087a77f0c4f6bc2a.css") started  	[MsgId: MMSG-26355]
Action.c(3685): Registering web_url("case-entry-manifest-0691008e616302be087a77f0c4f6bc2a.css") was successful  	[MsgId: MMSG-26390]
Action.c(3693): web_url("attachmentViewer-manifest-d21cd5ef9afc9d23b8e3146c7832bb09.css") started  	[MsgId: MMSG-26355]
Action.c(3693): Registering web_url("attachmentViewer-manifest-d21cd5ef9afc9d23b8e3146c7832bb09.css") was successful  	[MsgId: MMSG-26390]
Action.c(3701): web_url("case-entry-manifest-326b4b6f7e313829e23e4a6c86b40dfb.js") started  	[MsgId: MMSG-26355]
Action.c(3701): Registering web_url("case-entry-manifest-326b4b6f7e313829e23e4a6c86b40dfb.js") was successful  	[MsgId: MMSG-26390]
Action.c(3717): web_url("en-US.json_3") started  	[MsgId: MMSG-26355]
Action.c(3717): Registering web_url("en-US.json_3") was successful  	[MsgId: MMSG-26390]
Action.c(3726): web_url("predefinedSearch.json_3") started  	[MsgId: MMSG-26355]
Action.c(3726): Registering web_url("predefinedSearch.json_3") was successful  	[MsgId: MMSG-26390]
Action.c(3735): web_url("downloadOverlayTemplate.html_3") started  	[MsgId: MMSG-26355]
Action.c(3735): Registering web_url("downloadOverlayTemplate.html_3") was successful  	[MsgId: MMSG-26390]
Action.c(3744): web_url("contextMenuTemplate.html_3") started  	[MsgId: MMSG-26355]
Action.c(3744): Registering web_url("contextMenuTemplate.html_3") was successful  	[MsgId: MMSG-26390]
Action.c(3753): web_url("esignOverlayTemplate.html_3") started  	[MsgId: MMSG-26355]
Action.c(3753): Registering web_url("esignOverlayTemplate.html_3") was successful  	[MsgId: MMSG-26390]
Action.c(3762): web_url("imageStampOverlayTemplate.html_3") started  	[MsgId: MMSG-26355]
Action.c(3762): Registering web_url("imageStampOverlayTemplate.html_3") was successful  	[MsgId: MMSG-26390]
Action.c(3771): web_url("redactionReason.json_3") started  	[MsgId: MMSG-26355]
Action.c(3771): Registering web_url("redactionReason.json_3") was successful  	[MsgId: MMSG-26390]
Action.c(3780): web_url("overwriteOverlayTemplate.html_3") started  	[MsgId: MMSG-26355]
Action.c(3780): Registering web_url("overwriteOverlayTemplate.html_3") was successful  	[MsgId: MMSG-26390]
Action.c(3789): web_url("pageRedactionOverlayTemplate.html_3") started  	[MsgId: MMSG-26355]
Action.c(3789): Registering web_url("pageRedactionOverlayTemplate.html_3") was successful  	[MsgId: MMSG-26390]
Action.c(3798): web_url("printOverlayTemplate.html_3") started  	[MsgId: MMSG-26355]
Action.c(3798): Registering web_url("printOverlayTemplate.html_3") was successful  	[MsgId: MMSG-26390]
Action.c(3807): web_url("redactionReasonTemplate.html_3") started  	[MsgId: MMSG-26355]
Action.c(3807): Registering web_url("redactionReasonTemplate.html_3") was successful  	[MsgId: MMSG-26390]
Action.c(3816): web_url("viewerTemplate.html_3") started  	[MsgId: MMSG-26355]
Action.c(3816): Registering web_url("viewerTemplate.html_3") was successful  	[MsgId: MMSG-26390]
Action.c(3825): web_url("unsavedChangesOverlayTemplate.html_3") started  	[MsgId: MMSG-26355]
Action.c(3825): Registering web_url("unsavedChangesOverlayTemplate.html_3") was successful  	[MsgId: MMSG-26390]
Action.c(3834): web_url("fetchReferenceData") started  	[MsgId: MMSG-26355]
Action.c(3834): Registering web_url("fetchReferenceData") was successful  	[MsgId: MMSG-26390]
Action.c(3843): web_url("product_template.hbs") started  	[MsgId: MMSG-26355]
Action.c(3843): Registering web_url("product_template.hbs") was successful  	[MsgId: MMSG-26390]
Action.c(3850): web_url("commentTemplate.html_3") started  	[MsgId: MMSG-26355]
Action.c(3850): Registering web_url("commentTemplate.html_3") was successful  	[MsgId: MMSG-26390]
Action.c(3861): web_url("product_browser.hbs") started  	[MsgId: MMSG-26355]
Action.c(3861): Registering web_url("product_browser.hbs") was successful  	[MsgId: MMSG-26390]
Action.c(3868): web_url("meddra_template.hbs") started  	[MsgId: MMSG-26355]
Action.c(3868): Registering web_url("meddra_template.hbs") was successful  	[MsgId: MMSG-26390]
Action.c(3875): web_url("meddra_browser.hbs") started  	[MsgId: MMSG-26355]
Action.c(3875): Registering web_url("meddra_browser.hbs") was successful  	[MsgId: MMSG-26390]
Action.c(3882): web_url("study_template.hbs") started  	[MsgId: MMSG-26355]
Action.c(3882): Registering web_url("study_template.hbs") was successful  	[MsgId: MMSG-26390]
Action.c(3889): web_url("study_browser.hbs") started  	[MsgId: MMSG-26355]
Action.c(3889): Registering web_url("study_browser.hbs") was successful  	[MsgId: MMSG-26390]
Action.c(3898): web_url("hyperlinkMenuTemplate.html_3") started  	[MsgId: MMSG-26355]
Action.c(3898): Registering web_url("hyperlinkMenuTemplate.html_3") was successful  	[MsgId: MMSG-26390]
Action.c(3907): web_url("copyOverlayTemplate.html_3") started  	[MsgId: MMSG-26355]
Action.c(3907): Registering web_url("copyOverlayTemplate.html_3") was successful  	[MsgId: MMSG-26390]
Action.c(3919): web_url("loadServerTime_3") started  	[MsgId: MMSG-26355]
Action.c(3919): Registering web_url("loadServerTime_3") was successful  	[MsgId: MMSG-26390]
Action.c(3928): web_url("getIngredients") started  	[MsgId: MMSG-26355]
Action.c(3928): Registering web_url("getIngredients") was successful  	[MsgId: MMSG-26390]
Action.c(3940): web_url("fetchAllUser") started  	[MsgId: MMSG-26355]
Action.c(3940): Registering web_url("fetchAllUser") was successful  	[MsgId: MMSG-26390]
Action.c(3949): web_url("referenceData_2") started  	[MsgId: MMSG-26355]
Action.c(3949): Registering web_url("referenceData_2") was successful  	[MsgId: MMSG-26390]
Action.c(3958): web_url("referenceData_3") started  	[MsgId: MMSG-26355]
Action.c(3958): Registering web_url("referenceData_3") was successful  	[MsgId: MMSG-26390]
Action.c(3967): web_url("getKaseMedDraHierarchyStored") started  	[MsgId: MMSG-26355]
Action.c(3967): Registering web_url("getKaseMedDraHierarchyStored") was successful  	[MsgId: MMSG-26390]
Action.c(3976): web_url("getActionViewList_2") started  	[MsgId: MMSG-26355]
Action.c(3976): Registering web_url("getActionViewList_2") was successful  	[MsgId: MMSG-26390]
Action.c(3985): web_concurrent_end started  	[MsgId: MMSG-26355]
Action.c(3985): web_concurrent_end was successful, 1221136 body bytes, 10522 header bytes, 555 chunking overhead bytes  	[MsgId: MMSG-26385]
Action.c(3987): web_add_auto_header("Accept") started  	[MsgId: MMSG-26355]
Action.c(3987): web_add_auto_header("Accept") was successful  	[MsgId: MMSG-26392]
Action.c(3990): web_add_auto_header("Origin") started  	[MsgId: MMSG-26355]
Action.c(3990): web_add_auto_header("Origin") was successful  	[MsgId: MMSG-26392]
Action.c(3993): web_add_auto_header("X-CSRF-TOKEN") started  	[MsgId: MMSG-26355]
Action.c(3993): web_add_auto_header("X-CSRF-TOKEN") was successful  	[MsgId: MMSG-26392]
Action.c(3996): web_custom_request("fuqListForCase") started  	[MsgId: MMSG-26355]
Action.c(3996): web_custom_request("fuqListForCase") was successful, 80 body bytes, 250 header bytes, 21 chunking overhead bytes  	[MsgId: MMSG-26385]
Action.c(4011): web_custom_request("taskListForCase") started  	[MsgId: MMSG-26355]
Action.c(4011): web_custom_request("taskListForCase") was successful, 96 body bytes, 250 header bytes, 21 chunking overhead bytes  	[MsgId: MMSG-26385]
Action.c(4034): web_url("fetchAllTemplates") started  	[MsgId: MMSG-26355]
Action.c(4034): web_url("fetchAllTemplates") was successful, 14171 body bytes, 243 header bytes, 206 chunking overhead bytes  	[MsgId: MMSG-26385]
Action.c(4043): web_url("printTemplate.html_3") started  	[MsgId: MMSG-26355]
Action.c(4043): web_url("printTemplate.html_3") was successful, 2933 body bytes, 348 header bytes  	[MsgId: MMSG-26386]
Action.c(4054): Notify: Transaction "ViewCaseFCE_07_ViewCase_FCE_5Prod10Events" ended with a "Pass" status (Duration: 16.2151 Wasted Time: 1.3016).
Action.c(4058): Notify: Transaction "ViewCaseFCE_08_Back" started.
Action.c(4060): web_concurrent_start started  	[MsgId: MMSG-26355]
Action.c(4060): web_concurrent_start was successful  	[MsgId: MMSG-26392]
Action.c(4062): web_url("en-US.json_4") started  	[MsgId: MMSG-26355]
Action.c(4062): Registering web_url("en-US.json_4") was successful  	[MsgId: MMSG-26390]
Action.c(4071): web_url("predefinedSearch.json_4") started  	[MsgId: MMSG-26355]
Action.c(4071): Registering web_url("predefinedSearch.json_4") was successful  	[MsgId: MMSG-26390]
Action.c(4080): web_url("downloadOverlayTemplate.html_4") started  	[MsgId: MMSG-26355]
Action.c(4080): Registering web_url("downloadOverlayTemplate.html_4") was successful  	[MsgId: MMSG-26390]
Action.c(4089): web_url("redactionReason.json_4") started  	[MsgId: MMSG-26355]
Action.c(4089): Registering web_url("redactionReason.json_4") was successful  	[MsgId: MMSG-26390]
Action.c(4098): web_url("hyperlinkMenuTemplate.html_4") started  	[MsgId: MMSG-26355]
Action.c(4098): Registering web_url("hyperlinkMenuTemplate.html_4") was successful  	[MsgId: MMSG-26390]
Action.c(4107): web_url("imageStampOverlayTemplate.html_4") started  	[MsgId: MMSG-26355]
Action.c(4107): Registering web_url("imageStampOverlayTemplate.html_4") was successful  	[MsgId: MMSG-26390]
Action.c(4116): web_url("esignOverlayTemplate.html_4") started  	[MsgId: MMSG-26355]
Action.c(4116): Registering web_url("esignOverlayTemplate.html_4") was successful  	[MsgId: MMSG-26390]
Action.c(4125): web_url("pageRedactionOverlayTemplate.html_4") started  	[MsgId: MMSG-26355]
Action.c(4125): Registering web_url("pageRedactionOverlayTemplate.html_4") was successful  	[MsgId: MMSG-26390]
Action.c(4134): web_url("printOverlayTemplate.html_4") started  	[MsgId: MMSG-26355]
Action.c(4134): Registering web_url("printOverlayTemplate.html_4") was successful  	[MsgId: MMSG-26390]
Action.c(4143): web_url("redactionReasonTemplate.html_4") started  	[MsgId: MMSG-26355]
Action.c(4143): Registering web_url("redactionReasonTemplate.html_4") was successful  	[MsgId: MMSG-26390]
Action.c(4152): web_url("viewerTemplate.html_4") started  	[MsgId: MMSG-26355]
Action.c(4152): Registering web_url("viewerTemplate.html_4") was successful  	[MsgId: MMSG-26390]
Action.c(4161): web_url("unsavedChangesOverlayTemplate.html_4") started  	[MsgId: MMSG-26355]
Action.c(4161): Registering web_url("unsavedChangesOverlayTemplate.html_4") was successful  	[MsgId: MMSG-26390]
Action.c(4170): web_url("2_6") started  	[MsgId: MMSG-26355]
Action.c(4170): Registering web_url("2_6") was successful  	[MsgId: MMSG-26390]
Action.c(4182): web_url("loadServerTime_4") started  	[MsgId: MMSG-26355]
Action.c(4182): Registering web_url("loadServerTime_4") was successful  	[MsgId: MMSG-26390]
Action.c(4194): web_url("copyOverlayTemplate.html_4") started  	[MsgId: MMSG-26355]
Action.c(4194): Registering web_url("copyOverlayTemplate.html_4") was successful  	[MsgId: MMSG-26390]
Action.c(4203): web_url("printTemplate.html_4") started  	[MsgId: MMSG-26355]
Action.c(4203): Registering web_url("printTemplate.html_4") was successful  	[MsgId: MMSG-26390]
Action.c(4212): web_url("commentTemplate.html_4") started  	[MsgId: MMSG-26355]
Action.c(4212): Registering web_url("commentTemplate.html_4") was successful  	[MsgId: MMSG-26390]
Action.c(4221): web_concurrent_end started  	[MsgId: MMSG-26355]
Action.c(4221): web_concurrent_end was successful, 20472 body bytes, 5806 header bytes, 63 chunking overhead bytes  	[MsgId: MMSG-26385]
Action.c(4223): web_add_auto_header("Origin") started  	[MsgId: MMSG-26355]
Action.c(4223): web_add_auto_header("Origin") was successful  	[MsgId: MMSG-26392]
Action.c(4226): web_add_auto_header("X-CSRF-TOKEN") started  	[MsgId: MMSG-26355]
Action.c(4226): web_add_auto_header("X-CSRF-TOKEN") was successful  	[MsgId: MMSG-26392]
Action.c(4229): web_submit_data("saveState_7") started  	[MsgId: MMSG-26355]
Action.c(4229): web_submit_data("saveState_7") was successful, 41 body bytes, 243 header bytes, 21 chunking overhead bytes  	[MsgId: MMSG-26385]
Action.c(4259): web_submit_data("2_7") started  	[MsgId: MMSG-26355]
Action.c(4259): web_submit_data("2_7") was successful, 1552 body bytes, 250 header bytes, 36 chunking overhead bytes  	[MsgId: MMSG-26385]
Action.c(4739): web_remove_auto_header("Origin") started  	[MsgId: MMSG-26355]
Action.c(4739): Previous automatically added web header for "Origin" removed  	[MsgId: MMSG-26587]
Action.c(4739): web_remove/revert_auto_header("Origin") was successful  	[MsgId: MMSG-26392]
Action.c(4741): web_remove_auto_header("X-CSRF-TOKEN") started  	[MsgId: MMSG-26355]
Action.c(4741): Previous automatically added web header for "X-CSRF-TOKEN" removed  	[MsgId: MMSG-26587]
Action.c(4741): web_remove/revert_auto_header("X-CSRF-TOKEN") was successful  	[MsgId: MMSG-26392]
Action.c(4743): web_url("getActionViewList_3") started  	[MsgId: MMSG-26355]
Action.c(4743): web_url("getActionViewList_3") was successful, 1212 body bytes, 250 header bytes, 35 chunking overhead bytes  	[MsgId: MMSG-26385]
Action.c(4752): web_add_auto_header("Origin") started  	[MsgId: MMSG-26355]
Action.c(4752): web_add_auto_header("Origin") was successful  	[MsgId: MMSG-26392]
Action.c(4755): web_add_auto_header("X-CSRF-TOKEN") started  	[MsgId: MMSG-26355]
Action.c(4755): web_add_auto_header("X-CSRF-TOKEN") was successful  	[MsgId: MMSG-26392]
Action.c(4758): web_submit_data("saveState_8") started  	[MsgId: MMSG-26355]
Action.c(4758): web_submit_data("saveState_8") was successful, 41 body bytes, 243 header bytes, 21 chunking overhead bytes  	[MsgId: MMSG-26385]
Action.c(4788): Notify: Transaction "ViewCaseFCE_08_Back" ended with a "Pass" status (Duration: 5.9374 Wasted Time: 0.1455).
Action.c(4793): Notify: Transaction "ViewCaseFCE_ClearFilter" started.
Action.c(4795): web_custom_request("saveState_9") started  	[MsgId: MMSG-26355]
Action.c(4795): web_custom_request("saveState_9") was successful, 41 body bytes, 243 header bytes, 21 chunking overhead bytes  	[MsgId: MMSG-26385]
Action.c(4809): web_submit_data("2_8") started  	[MsgId: MMSG-26355]
Action.c(4809): web_submit_data("2_8") was successful, 11072 body bytes, 250 header bytes, 169 chunking overhead bytes  	[MsgId: MMSG-26385]
Action.c(5289): web_submit_data("saveState_10") started  	[MsgId: MMSG-26355]
Action.c(5289): web_submit_data("saveState_10") was successful, 41 body bytes, 243 header bytes, 21 chunking overhead bytes  	[MsgId: MMSG-26385]
Action.c(5319): Notify: Transaction "ViewCaseFCE_ClearFilter" ended with a "Pass" status (Duration: 2.6235 Wasted Time: 0.0471).
Action.c(5323): Notify: Transaction "ViewCaseFCE_09_NavigateToPVAdmin" started.
Action.c(5326): web_reg_find started  	[MsgId: MMSG-26355]
Action.c(5326): Registering web_reg_find was successful  	[MsgId: MMSG-26390]
Action.c(5330): web_url("10.100.22.34:8083") started  	[MsgId: MMSG-26355]
Action.c(5330): Registered web_reg_find successful for "Text=Welcome to PV Admin" (count=3)  	[MsgId: MMSG-26364]
Action.c(5330): web_url("10.100.22.34:8083") was successful, 3269 body bytes, 265 header bytes, 63 chunking overhead bytes  	[MsgId: MMSG-26385]
Action.c(5341): web_url("en.json_2") started  	[MsgId: MMSG-26355]
Action.c(5341): web_url("en.json_2") was successful, 725 body bytes, 317 header bytes  	[MsgId: MMSG-26386]
Action.c(5348): Notify: Transaction "ViewCaseFCE_09_NavigateToPVAdmin" ended with a "Pass" status (Duration: 1.3944 Wasted Time: 0.0197).
Action.c(5352): Notify: Transaction "ViewCaseFCE_10_Logout" started.
Action.c(5354): web_reg_find started  	[MsgId: MMSG-26355]
Action.c(5354): Registering web_reg_find was successful  	[MsgId: MMSG-26390]
Action.c(5358): web_url("Logout") started  	[MsgId: MMSG-26355]
Action.c(5358): Redirecting "http://10.100.22.34:8083/logout" (redirection depth is 0)  	[MsgId: MMSG-26694]
Action.c(5358): To location "http://10.100.22.34:8083/logoff"  	[MsgId: MMSG-26693]
Action.c(5358): Redirecting "http://10.100.22.34:8083/logoff" (redirection depth is 1)  	[MsgId: MMSG-26694]
Action.c(5358): To location "http://10.100.22.34:8083/external"  	[MsgId: MMSG-26693]
Action.c(5358): Registered web_reg_find successful for "Text=Login" (count=1)  	[MsgId: MMSG-26364]
Action.c(5358): web_url("Logout") was successful, 1178 body bytes, 748 header bytes, 35 chunking overhead bytes  	[MsgId: MMSG-26385]
Action.c(5367): Notify: Transaction "ViewCaseFCE_10_Logout" ended with a "Pass" status (Duration: 1.6555 Wasted Time: 0.0134).
Ending action Action.
Ending iteration 1.
Starting iteration 2.
Starting action Action.
Action.c(4): web_set_sockets_option started  	[MsgId: MMSG-26355]
Action.c(4): web_set_sockets_option was successful  	[MsgId: MMSG-26392]
Action.c(6): web_set_sockets_option started  	[MsgId: MMSG-26355]
Action.c(6): web_set_sockets_option was successful  	[MsgId: MMSG-26392]
Action.c(8): web_cleanup_auto_headers started  	[MsgId: MMSG-26355]
Action.c(8): web_cleanup_auto_headers was successful  	[MsgId: MMSG-26392]
Action.c(9): web_set_max_html_param_len started  	[MsgId: MMSG-26355]
Action.c(9): web_set_max_html_param_len was successful  	[MsgId: MMSG-26392]
Action.c(11): Notify: Transaction "ViewCaseFCE_01_OpenApplication" started.
Action.c(14): web_reg_find started  	[MsgId: MMSG-26355]
Action.c(14): Registering web_reg_find was successful  	[MsgId: MMSG-26390]
Action.c(18): web_concurrent_start started  	[MsgId: MMSG-26355]
Action.c(18): Warning -27123: Pending web_reg_save_param/web_reg_find/web_create_html_param/web_create_html_param_ex request(s) before web_concurrent_start apply to the first Action function within the group, not to the entire group  	[MsgId: MWAR-27123]
Action.c(18): web_concurrent_start highest severity level was "warning"  	[MsgId: MMSG-26391]
Action.c(19): web_url("external") started  	[MsgId: MMSG-26355]
Action.c(19): Registering web_url("external") was successful  	[MsgId: MMSG-26390]
Action.c(31): web_url("bootstrap.min-79b5346433d3bdf736aab2379a008083.js") started  	[MsgId: MMSG-26355]
Action.c(31): Resource "http://10.100.22.34:8083/assets/vendorUi/bootstrap/bootstrap.min-79b5346433d3bdf736aab2379a008083.js" is in the cache already and will not be downloaded again  	[MsgId: MMSG-26655]
Action.c(39): web_url("notify.min-a1134657dba6e98914066f2530604e68.js") started  	[MsgId: MMSG-26355]
Action.c(39): Resource "http://10.100.22.34:8083/assets/vendorUi/notifyjs/dist/notify.min-a1134657dba6e98914066f2530604e68.js" is in the cache already and will not be downloaded again  	[MsgId: MMSG-26655]
Action.c(79): web_url("jquery.core-2521768e514d3a431ddca828a1bebd3c.js") started  	[MsgId: MMSG-26355]
Action.c(79): Resource "http://10.100.22.34:8083/assets/common/jquery.core-2521768e514d3a431ddca828a1bebd3c.js" is in the cache already and will not be downloaded again  	[MsgId: MMSG-26655]
Action.c(87): web_url("notify-metro-3463085bfd0a7cac9f983d075b271bca.js") started  	[MsgId: MMSG-26355]
Action.c(87): Resource "http://10.100.22.34:8083/assets/vendorUi/notifications/notify-metro-3463085bfd0a7cac9f983d075b271bca.js" is in the cache already and will not be downloaded again  	[MsgId: MMSG-26655]
Action.c(98): web_url("bootstrap-c5ae98cdc147f655f96564c4340000c4.css") started  	[MsgId: MMSG-26355]
Action.c(98): Resource "http://10.100.22.34:8083/assets/bootstrap-c5ae98cdc147f655f96564c4340000c4.css" is in the cache already and will not be downloaded again  	[MsgId: MMSG-26655]
Action.c(128): web_url("login-17e4cb116ee46711bb739b7018d00771.css") started  	[MsgId: MMSG-26355]
Action.c(128): Resource "http://10.100.22.34:8083/assets/login-17e4cb116ee46711bb739b7018d00771.css" is in the cache already and will not be downloaded again  	[MsgId: MMSG-26655]
Action.c(139): web_url("jquery-fdb24ba38c94d04e948de967076c64aa.js") started  	[MsgId: MMSG-26355]
Action.c(139): Resource "http://10.100.22.34:8083/assets/vendorUi/jquery/jquery-fdb24ba38c94d04e948de967076c64aa.js" is in the cache already and will not be downloaded again  	[MsgId: MMSG-26655]
Action.c(147): web_concurrent_end started  	[MsgId: MMSG-26355]
Action.c(147): Registered web_reg_find successful for "Text=Login" (count=1)  	[MsgId: MMSG-26364]
Action.c(147): web_concurrent_end was successful, 1178 body bytes, 268 header bytes, 35 chunking overhead bytes  	[MsgId: MMSG-26385]
Action.c(151): Notify: Transaction "ViewCaseFCE_01_OpenApplication" ended with a "Pass" status (Duration: 0.4547 Wasted Time: 0.0212).
Action.c(155): Notify: Transaction "ViewCaseFCE_02_Login" started.
Action.c(159): web_reg_save_param_regexp started  	[MsgId: MMSG-26355]
Action.c(159): Registering web_reg_save_param_regexp was successful  	[MsgId: MMSG-26390]
Action.c(168): web_reg_find started  	[MsgId: MMSG-26355]
Action.c(168): Registering web_reg_find was successful  	[MsgId: MMSG-26390]
Action.c(173): web_add_header("Sec-Fetch-Dest") started  	[MsgId: MMSG-26355]
Action.c(173): web_add_header("Sec-Fetch-Dest") was successful  	[MsgId: MMSG-26392]
Action.c(176): web_add_auto_header("Sec-Fetch-Mode") started  	[MsgId: MMSG-26355]
Action.c(176): web_add_auto_header("Sec-Fetch-Mode") was successful  	[MsgId: MMSG-26392]
Action.c(180): web_add_auto_header("Sec-Fetch-Site") started  	[MsgId: MMSG-26355]
Action.c(180): web_add_auto_header("Sec-Fetch-Site") was successful  	[MsgId: MMSG-26392]
Action.c(183): web_add_header("Sec-Fetch-User") started  	[MsgId: MMSG-26355]
Action.c(183): web_add_header("Sec-Fetch-User") was successful  	[MsgId: MMSG-26392]
Action.c(186): web_add_header("Upgrade-Insecure-Requests") started  	[MsgId: MMSG-26355]
Action.c(186): web_add_header("Upgrade-Insecure-Requests") was successful  	[MsgId: MMSG-26392]
Action.c(190): web_submit_data("authenticate") started  	[MsgId: MMSG-26355]
Action.c(190): Redirecting "http://10.100.22.34:8083/login/authenticate" (redirection depth is 0)  	[MsgId: MMSG-26694]
Action.c(190): To location "http://10.100.22.34:8083/?token=236c2973-5dcb-417d-965e-50468f2ef794"  	[MsgId: MMSG-26693]
Action.c(190): Registered web_reg_find successful for "Text=Welcome to PV Admin" (count=3)  	[MsgId: MMSG-26364]
Action.c(190): web_submit_data("authenticate") was successful, 3269 body bytes, 522 header bytes, 63 chunking overhead bytes  	[MsgId: MMSG-26385]
Action.c(203): web_add_header("Accept") started  	[MsgId: MMSG-26355]
Action.c(203): web_add_header("Accept") was successful  	[MsgId: MMSG-26392]
Action.c(207): web_concurrent_start started  	[MsgId: MMSG-26355]
Action.c(207): web_concurrent_start was successful  	[MsgId: MMSG-26392]
Action.c(209): web_url("application-3d87bac6ca7e570033e3b49e320180b2.css") started  	[MsgId: MMSG-26355]
Action.c(209): Resource "http://10.100.22.34:8083/assets/application-3d87bac6ca7e570033e3b49e320180b2.css" is in the cache already and will not be downloaded again  	[MsgId: MMSG-26655]
Action.c(220): web_url("jquery-2.2.4-f3b292379cbb03d9a68dc04fb0ac6bf5.js") started  	[MsgId: MMSG-26355]
Action.c(220): Resource "http://10.100.22.34:8083/assets/vendorUi/jquery/jquery-2.2.4-f3b292379cbb03d9a68dc04fb0ac6bf5.js" is in the cache already and will not be downloaded again  	[MsgId: MMSG-26655]
Action.c(231): web_url("UIConstants-e05f20031f3c986ffd86b552402112e0.js") started  	[MsgId: MMSG-26355]
Action.c(231): Resource "http://10.100.22.34:8083/assets/UIConstants-e05f20031f3c986ffd86b552402112e0.js" is in the cache already and will not be downloaded again  	[MsgId: MMSG-26655]
Action.c(242): web_url("change-theme-d6b58272d1305acd108c19d477017de0.js") started  	[MsgId: MMSG-26355]
Action.c(242): Resource "http://10.100.22.34:8083/assets/common/change-theme-d6b58272d1305acd108c19d477017de0.js" is in the cache already and will not be downloaded again  	[MsgId: MMSG-26655]
Action.c(253): web_url("application-73702747dcb4dc1831955be89087898f.js") started  	[MsgId: MMSG-26355]
Action.c(253): Resource "http://10.100.22.34:8083/assets/application-73702747dcb4dc1831955be89087898f.js" is in the cache already and will not be downloaded again  	[MsgId: MMSG-26655]
Action.c(269): web_url("loadTheme") started  	[MsgId: MMSG-26355]
Action.c(269): Registering web_url("loadTheme") was successful  	[MsgId: MMSG-26390]
Action.c(281): web_url("en.json") started  	[MsgId: MMSG-26355]
Action.c(281): Registering web_url("en.json") was successful  	[MsgId: MMSG-26390]
Action.c(298): web_url("OpenSans-Regular-cffb686d7d2f4682df8342bd4d276e09.woff2") started  	[MsgId: MMSG-26355]
Action.c(298): Resource "http://10.100.22.34:8083/assets/OpenSans-Regular-cffb686d7d2f4682df8342bd4d276e09.woff2?v=1.1.0" is in the cache already and will not be downloaded again  	[MsgId: MMSG-26655]
Action.c(311): web_url("fontawesome-webfont-af7ae505a9eed503f8b8e6982036873e.woff2") started  	[MsgId: MMSG-26355]
Action.c(311): Resource "http://10.100.22.34:8083/assets/fontawesome-webfont-af7ae505a9eed503f8b8e6982036873e.woff2?v=4.7.0" is in the cache already and will not be downloaded again  	[MsgId: MMSG-26655]
Action.c(324): web_url("materialdesignicons-webfont-af3f6dbe172a9c1aba77366a2ff630d1.woff2") started  	[MsgId: MMSG-26355]
Action.c(324): Resource "http://10.100.22.34:8083/assets/materialdesignicons-webfont-af3f6dbe172a9c1aba77366a2ff630d1.woff2?v=2.1.99" is in the cache already and will not be downloaded again  	[MsgId: MMSG-26655]
Action.c(331): web_concurrent_end started  	[MsgId: MMSG-26355]
Action.c(331): web_concurrent_end was successful, 786 body bytes, 567 header bytes, 21 chunking overhead bytes  	[MsgId: MMSG-26385]
Action.c(333): Notify: Transaction "ViewCaseFCE_02_Login" ended with a "Pass" status (Duration: 1.5325 Wasted Time: 0.0716).
Action.c(337): Notify: Transaction "ViewCaseFCE_03_NavigateToPVIntake" started.
Action.c(341): web_reg_save_param_regexp started  	[MsgId: MMSG-26355]
Action.c(341): Registering web_reg_save_param_regexp was successful  	[MsgId: MMSG-26390]
Action.c(350): web_reg_find started  	[MsgId: MMSG-26355]
Action.c(350): Registering web_reg_find was successful  	[MsgId: MMSG-26390]
Action.c(354): web_url("10.100.22.243:8081") started  	[MsgId: MMSG-26355]
Action.c(354): Redirecting "http://10.100.22.243:8081/" (redirection depth is 0)  	[MsgId: MMSG-26694]
Action.c(354): To location "http://10.100.22.243:8081/logout/index"  	[MsgId: MMSG-26693]
Action.c(354): Redirecting "http://10.100.22.243:8081/logout/index" (redirection depth is 1)  	[MsgId: MMSG-26694]
Action.c(354): To location "http://10.100.22.243:8081/logoff"  	[MsgId: MMSG-26693]
Action.c(354): Redirecting "http://10.100.22.243:8081/logoff" (redirection depth is 2)  	[MsgId: MMSG-26694]
Action.c(354): To location "http://10.100.22.34:8083/auth?callBackUrl=http://10.100.22.243:8081/login/success"  	[MsgId: MMSG-26693]
Action.c(354): Redirecting "http://10.100.22.34:8083/auth?callBackUrl=http://10.100.22.243:8081/login/success" (redirection depth is 3)  	[MsgId: MMSG-26694]
Action.c(354): To location "http://10.100.22.243:8081/login/success?token=236c2973-5dcb-417d-965e-50468f2ef794"  	[MsgId: MMSG-26693]
Action.c(354): Redirecting "http://10.100.22.243:8081/login/success?token=236c2973-5dcb-417d-965e-50468f2ef794" (redirection depth is 4)  	[MsgId: MMSG-26694]
Action.c(354): To location "http://10.100.22.243:8081/"  	[MsgId: MMSG-26693]
Action.c(354): Registered web_reg_find successful for "Text=PV Intake" (count=1)  	[MsgId: MMSG-26364]
Action.c(354): web_url("10.100.22.243:8081") was successful, 24012 body bytes, 1570 header bytes, 354 chunking overhead bytes  	[MsgId: MMSG-26385]
Action.c(363): web_add_header("Accept") started  	[MsgId: MMSG-26355]
Action.c(363): web_add_header("Accept") was successful  	[MsgId: MMSG-26392]
Action.c(366): web_concurrent_start started  	[MsgId: MMSG-26355]
Action.c(366): web_concurrent_start was successful  	[MsgId: MMSG-26392]
Action.c(368): web_url("dashboard-manifest-b8c4a5998dad68d4595e4d0aa8d50016.css") started  	[MsgId: MMSG-26355]
Action.c(368): Resource "http://10.100.22.243:8081/assets/app/dashboard/dashboard-manifest-b8c4a5998dad68d4595e4d0aa8d50016.css" is in the cache already and will not be downloaded again  	[MsgId: MMSG-26655]
Action.c(379): web_url("application-13a1ddae267b7b6a32d12cfb1ac98e43.css") started  	[MsgId: MMSG-26355]
Action.c(379): Resource "http://10.100.22.243:8081/assets/application-13a1ddae267b7b6a32d12cfb1ac98e43.css" is in the cache already and will not be downloaded again  	[MsgId: MMSG-26655]
Action.c(390): web_url("jquery-2.2.4-e72e6e97da5fd952079c33c415741fc6.js") started  	[MsgId: MMSG-26355]
Action.c(390): Resource "http://10.100.22.243:8081/assets/vendorUi/jquery/jquery-2.2.4-e72e6e97da5fd952079c33c415741fc6.js" is in the cache already and will not be downloaded again  	[MsgId: MMSG-26655]
Action.c(401): web_url("application-a0469687a4859320633b35ed9c5374ee.js") started  	[MsgId: MMSG-26355]
Action.c(401): Resource "http://10.100.22.243:8081/assets/application-a0469687a4859320633b35ed9c5374ee.js" is in the cache already and will not be downloaded again  	[MsgId: MMSG-26655]
Action.c(412): web_url("dashboard-manifest-10f1ed9d89cf396671bd4e3042b74253.js") started  	[MsgId: MMSG-26355]
Action.c(412): Resource "http://10.100.22.243:8081/assets/app/dashboard/dashboard-manifest-10f1ed9d89cf396671bd4e3042b74253.js" is in the cache already and will not be downloaded again  	[MsgId: MMSG-26655]
Action.c(423): web_url("attachmentViewer-manifest-b347c0c37643c7b9e173f4b09adae617.js") started  	[MsgId: MMSG-26355]
Action.c(423): Resource "http://10.100.22.243:8081/assets/vendor/attachmentViewer-manifest-b347c0c37643c7b9e173f4b09adae617.js" is in the cache already and will not be downloaded again  	[MsgId: MMSG-26655]
Action.c(439): web_url("OpenSans-Regular-cffb686d7d2f4682df8342bd4d276e09.woff2_2") started  	[MsgId: MMSG-26355]
Action.c(439): Resource "http://10.100.22.243:8081/assets/OpenSans-Regular-cffb686d7d2f4682df8342bd4d276e09.woff2?v=1.1.0" is in the cache already and will not be downloaded again  	[MsgId: MMSG-26655]
Action.c(476): web_url("materialdesignicons-webfont-af3f6dbe172a9c1aba77366a2ff630d1.woff2_2") started  	[MsgId: MMSG-26355]
Action.c(476): Resource "http://10.100.22.243:8081/assets/materialdesignicons-webfont-af3f6dbe172a9c1aba77366a2ff630d1.woff2?v=2.1.99" is in the cache already and will not be downloaded again  	[MsgId: MMSG-26655]
Action.c(483): web_url("referenceData") started  	[MsgId: MMSG-26355]
Action.c(483): Registering web_url("referenceData") was successful  	[MsgId: MMSG-26390]
Action.c(495): web_url("loadServerTime") started  	[MsgId: MMSG-26355]
Action.c(495): Registering web_url("loadServerTime") was successful  	[MsgId: MMSG-26390]
Action.c(507): web_url("personalStats") started  	[MsgId: MMSG-26355]
Action.c(507): Registering web_url("personalStats") was successful  	[MsgId: MMSG-26390]
Action.c(519): web_url("fontawesome-webfont-af7ae505a9eed503f8b8e6982036873e.woff2_2") started  	[MsgId: MMSG-26355]
Action.c(519): Resource "http://10.100.22.243:8081/assets/fontawesome-webfont-af7ae505a9eed503f8b8e6982036873e.woff2?v=4.7.0" is in the cache already and will not be downloaded again  	[MsgId: MMSG-26655]
Action.c(526): web_url("en-US.json") started  	[MsgId: MMSG-26355]
Action.c(526): Registering web_url("en-US.json") was successful  	[MsgId: MMSG-26390]
Action.c(535): web_url("1") started  	[MsgId: MMSG-26355]
Action.c(535): Registering web_url("1") was successful  	[MsgId: MMSG-26390]
Action.c(544): web_url("commentTemplate.html") started  	[MsgId: MMSG-26355]
Action.c(544): Registering web_url("commentTemplate.html") was successful  	[MsgId: MMSG-26390]
Action.c(553): web_url("contextMenuTemplate.html") started  	[MsgId: MMSG-26355]
Action.c(553): Registering web_url("contextMenuTemplate.html") was successful  	[MsgId: MMSG-26390]
Action.c(562): web_url("predefinedSearch.json") started  	[MsgId: MMSG-26355]
Action.c(562): Registering web_url("predefinedSearch.json") was successful  	[MsgId: MMSG-26390]
Action.c(571): web_url("copyOverlayTemplate.html") started  	[MsgId: MMSG-26355]
Action.c(571): Registering web_url("copyOverlayTemplate.html") was successful  	[MsgId: MMSG-26390]
Action.c(580): web_url("hyperlinkMenuTemplate.html") started  	[MsgId: MMSG-26355]
Action.c(580): Registering web_url("hyperlinkMenuTemplate.html") was successful  	[MsgId: MMSG-26390]
Action.c(589): web_url("redactionReason.json") started  	[MsgId: MMSG-26355]
Action.c(589): Registering web_url("redactionReason.json") was successful  	[MsgId: MMSG-26390]
Action.c(598): web_url("downloadOverlayTemplate.html") started  	[MsgId: MMSG-26355]
Action.c(598): Registering web_url("downloadOverlayTemplate.html") was successful  	[MsgId: MMSG-26390]
Action.c(607): web_concurrent_end started  	[MsgId: MMSG-26355]
Action.c(607): web_concurrent_end was successful, 12235 body bytes, 3813 header bytes, 106 chunking overhead bytes  	[MsgId: MMSG-26385]
Action.c(612): web_add_header("X-CSRF-TOKEN") started  	[MsgId: MMSG-26355]
Action.c(612): web_add_header("X-CSRF-TOKEN") was successful  	[MsgId: MMSG-26392]
Action.c(615): web_submit_data("loadState") started  	[MsgId: MMSG-26355]
Action.c(615): web_submit_data("loadState") was successful, 646 body bytes, 250 header bytes, 28 chunking overhead bytes  	[MsgId: MMSG-26385]
Action.c(627): web_concurrent_start started  	[MsgId: MMSG-26355]
Action.c(627): web_concurrent_start was successful  	[MsgId: MMSG-26392]
Action.c(629): web_url("imageStampOverlayTemplate.html") started  	[MsgId: MMSG-26355]
Action.c(629): Registering web_url("imageStampOverlayTemplate.html") was successful  	[MsgId: MMSG-26390]
Action.c(638): web_url("pageRedactionOverlayTemplate.html") started  	[MsgId: MMSG-26355]
Action.c(638): Registering web_url("pageRedactionOverlayTemplate.html") was successful  	[MsgId: MMSG-26390]
Action.c(648): web_url("printOverlayTemplate.html") started  	[MsgId: MMSG-26355]
Action.c(648): Registering web_url("printOverlayTemplate.html") was successful  	[MsgId: MMSG-26390]
Action.c(657): web_url("printTemplate.html") started  	[MsgId: MMSG-26355]
Action.c(657): Registering web_url("printTemplate.html") was successful  	[MsgId: MMSG-26390]
Action.c(666): web_url("redactionReasonTemplate.html") started  	[MsgId: MMSG-26355]
Action.c(666): Registering web_url("redactionReasonTemplate.html") was successful  	[MsgId: MMSG-26390]
Action.c(675): web_url("unsavedChangesOverlayTemplate.html") started  	[MsgId: MMSG-26355]
Action.c(675): Registering web_url("unsavedChangesOverlayTemplate.html") was successful  	[MsgId: MMSG-26390]
Action.c(684): web_url("viewerTemplate.html") started  	[MsgId: MMSG-26355]
Action.c(684): Registering web_url("viewerTemplate.html") was successful  	[MsgId: MMSG-26390]
Action.c(693): web_concurrent_end started  	[MsgId: MMSG-26355]
Action.c(693): web_concurrent_end was successful, 10811 body bytes, 2493 header bytes  	[MsgId: MMSG-26386]
Action.c(695): web_add_auto_header("Accept") started  	[MsgId: MMSG-26355]
Action.c(695): web_add_auto_header("Accept") was successful  	[MsgId: MMSG-26392]
Action.c(698): web_add_header("Origin") started  	[MsgId: MMSG-26355]
Action.c(698): web_add_header("Origin") was successful  	[MsgId: MMSG-26392]
Action.c(701): web_add_header("X-CSRF-TOKEN") started  	[MsgId: MMSG-26355]
Action.c(701): web_add_header("X-CSRF-TOKEN") was successful  	[MsgId: MMSG-26392]
Action.c(704): web_submit_data("updateWidget") started  	[MsgId: MMSG-26355]
Action.c(704): web_submit_data("updateWidget") was successful, 41 body bytes, 250 header bytes, 21 chunking overhead bytes  	[MsgId: MMSG-26385]
Action.c(715): web_add_auto_header("Accept") started  	[MsgId: MMSG-26355]
Action.c(715): web_add_auto_header("Accept") was successful  	[MsgId: MMSG-26392]
Action.c(718): web_url("esignOverlayTemplate.html") started  	[MsgId: MMSG-26355]
Action.c(718): web_url("esignOverlayTemplate.html") was successful, 846 body bytes, 354 header bytes  	[MsgId: MMSG-26386]
Action.c(727): web_url("overwriteOverlayTemplate.html") started  	[MsgId: MMSG-26355]
Action.c(727): web_url("overwriteOverlayTemplate.html") was successful, 205 body bytes, 358 header bytes  	[MsgId: MMSG-26386]
Action.c(736): web_add_auto_header("Origin") started  	[MsgId: MMSG-26355]
Action.c(736): web_add_auto_header("Origin") was successful  	[MsgId: MMSG-26392]
Action.c(739): web_add_header("X-CSRF-TOKEN") started  	[MsgId: MMSG-26355]
Action.c(739): web_add_header("X-CSRF-TOKEN") was successful  	[MsgId: MMSG-26392]
Action.c(742): web_submit_data("1_2") started  	[MsgId: MMSG-26355]
Action.c(742): web_submit_data("1_2") was successful, 80 body bytes, 250 header bytes, 21 chunking overhead bytes  	[MsgId: MMSG-26385]
Action.c(1222): web_url("glyphicons-halflings-regular-448c34a56d699c29117adc64c43affeb.woff2") started  	[MsgId: MMSG-26355]
Action.c(1222): Resource "http://10.100.22.243:8081/assets/glyphicons-halflings-regular-448c34a56d699c29117adc64c43affeb.woff2" is in the cache already and will not be downloaded again  	[MsgId: MMSG-26655]
Action.c(1229): Notify: Transaction "ViewCaseFCE_03_NavigateToPVIntake" ended with a "Pass" status (Duration: 8.4376 Wasted Time: 0.3076).
Action.c(1233): Notify: Transaction "ViewCaseFCE_04_IntakeQueue" started.
Action.c(1236): web_reg_find started  	[MsgId: MMSG-26355]
Action.c(1236): Registering web_reg_find was successful  	[MsgId: MMSG-26390]
Action.c(1240): web_url("queue") started  	[MsgId: MMSG-26355]
Action.c(1240): Registered web_reg_find successful for "Text=PV Intake - Intake Queue" (count=1)  	[MsgId: MMSG-26364]
Action.c(1240): web_url("queue") was successful, 17268 body bytes, 265 header bytes, 253 chunking overhead bytes  	[MsgId: MMSG-26385]
Action.c(1249): web_concurrent_start started  	[MsgId: MMSG-26355]
Action.c(1249): web_concurrent_start was successful  	[MsgId: MMSG-26392]
Action.c(1251): web_url("list-24eb5f840484c7ed5a76f95c9fe17ba2.css") started  	[MsgId: MMSG-26355]
Action.c(1251): Resource "http://10.100.22.243:8081/assets/list/list-24eb5f840484c7ed5a76f95c9fe17ba2.css" is in the cache already and will not be downloaded again  	[MsgId: MMSG-26655]
Action.c(1259): web_url("UIConstants-ee3587ab40d47b8bed173814ecf5a0be.js") started  	[MsgId: MMSG-26355]
Action.c(1259): Resource "http://10.100.22.243:8081/assets/UIConstants-ee3587ab40d47b8bed173814ecf5a0be.js" is in the cache already and will not be downloaded again  	[MsgId: MMSG-26655]
Action.c(1267): web_url("list-manifest-185621e31c59b25205353c6a318d5899.js") started  	[MsgId: MMSG-26355]
Action.c(1267): Resource "http://10.100.22.243:8081/assets/app/list/list-manifest-185621e31c59b25205353c6a318d5899.js" is in the cache already and will not be downloaded again  	[MsgId: MMSG-26655]
Action.c(1275): web_url("change-theme-6ebd5f05979bc64dfe2d6f10b3e3b3db.js") started  	[MsgId: MMSG-26355]
Action.c(1275): Resource "http://10.100.22.243:8081/assets/common/change-theme-6ebd5f05979bc64dfe2d6f10b3e3b3db.js" is in the cache already and will not be downloaded again  	[MsgId: MMSG-26655]
Action.c(1291): web_url("loadTheme_2") started  	[MsgId: MMSG-26355]
Action.c(1291): Registering web_url("loadTheme_2") was successful  	[MsgId: MMSG-26390]
Action.c(1300): web_url("redactionReason.json_2") started  	[MsgId: MMSG-26355]
Action.c(1300): Registering web_url("redactionReason.json_2") was successful  	[MsgId: MMSG-26390]
Action.c(1309): web_url("predefinedSearch.json_2") started  	[MsgId: MMSG-26355]
Action.c(1309): Registering web_url("predefinedSearch.json_2") was successful  	[MsgId: MMSG-26390]
Action.c(1318): web_url("downloadOverlayTemplate.html_2") started  	[MsgId: MMSG-26355]
Action.c(1318): Registering web_url("downloadOverlayTemplate.html_2") was successful  	[MsgId: MMSG-26390]
Action.c(1327): web_url("esignOverlayTemplate.html_2") started  	[MsgId: MMSG-26355]
Action.c(1327): Registering web_url("esignOverlayTemplate.html_2") was successful  	[MsgId: MMSG-26390]
Action.c(1336): web_url("en-US.json_2") started  	[MsgId: MMSG-26355]
Action.c(1336): Registering web_url("en-US.json_2") was successful  	[MsgId: MMSG-26390]
Action.c(1345): web_url("commentTemplate.html_2") started  	[MsgId: MMSG-26355]
Action.c(1345): Registering web_url("commentTemplate.html_2") was successful  	[MsgId: MMSG-26390]
Action.c(1354): web_url("hyperlinkMenuTemplate.html_2") started  	[MsgId: MMSG-26355]
Action.c(1354): Registering web_url("hyperlinkMenuTemplate.html_2") was successful  	[MsgId: MMSG-26390]
Action.c(1363): web_url("imageStampOverlayTemplate.html_2") started  	[MsgId: MMSG-26355]
Action.c(1363): Registering web_url("imageStampOverlayTemplate.html_2") was successful  	[MsgId: MMSG-26390]
Action.c(1372): web_url("overwriteOverlayTemplate.html_2") started  	[MsgId: MMSG-26355]
Action.c(1372): Registering web_url("overwriteOverlayTemplate.html_2") was successful  	[MsgId: MMSG-26390]
Action.c(1381): web_url("printTemplate.html_2") started  	[MsgId: MMSG-26355]
Action.c(1381): Registering web_url("printTemplate.html_2") was successful  	[MsgId: MMSG-26390]
Action.c(1390): web_url("redactionReasonTemplate.html_2") started  	[MsgId: MMSG-26355]
Action.c(1390): Registering web_url("redactionReasonTemplate.html_2") was successful  	[MsgId: MMSG-26390]
Action.c(1399): web_url("unsavedChangesOverlayTemplate.html_2") started  	[MsgId: MMSG-26355]
Action.c(1399): Registering web_url("unsavedChangesOverlayTemplate.html_2") was successful  	[MsgId: MMSG-26390]
Action.c(1408): web_url("pageRedactionOverlayTemplate.html_2") started  	[MsgId: MMSG-26355]
Action.c(1408): Registering web_url("pageRedactionOverlayTemplate.html_2") was successful  	[MsgId: MMSG-26390]
Action.c(1417): web_url("printOverlayTemplate.html_2") started  	[MsgId: MMSG-26355]
Action.c(1417): Registering web_url("printOverlayTemplate.html_2") was successful  	[MsgId: MMSG-26390]
Action.c(1426): web_url("copyOverlayTemplate.html_2") started  	[MsgId: MMSG-26355]
Action.c(1426): Registering web_url("copyOverlayTemplate.html_2") was successful  	[MsgId: MMSG-26390]
Action.c(1435): web_url("viewerTemplate.html_2") started  	[MsgId: MMSG-26355]
Action.c(1435): Registering web_url("viewerTemplate.html_2") was successful  	[MsgId: MMSG-26390]
Action.c(1444): web_url("2") started  	[MsgId: MMSG-26355]
Action.c(1444): Registering web_url("2") was successful  	[MsgId: MMSG-26390]
Action.c(1456): web_url("loadServerTime_2") started  	[MsgId: MMSG-26355]
Action.c(1456): Registering web_url("loadServerTime_2") was successful  	[MsgId: MMSG-26390]
Action.c(1465): web_concurrent_end started  	[MsgId: MMSG-26355]
Action.c(1465): web_concurrent_end was successful, 20738 body bytes, 6414 header bytes, 84 chunking overhead bytes  	[MsgId: MMSG-26385]
Action.c(1467): web_add_auto_header("Accept") started  	[MsgId: MMSG-26355]
Action.c(1467): web_add_auto_header("Accept") was successful  	[MsgId: MMSG-26392]
Action.c(1470): web_add_auto_header("Origin") started  	[MsgId: MMSG-26355]
Action.c(1470): web_add_auto_header("Origin") was successful  	[MsgId: MMSG-26392]
Action.c(1473): web_add_auto_header("X-CSRF-TOKEN") started  	[MsgId: MMSG-26355]
Action.c(1473): web_add_auto_header("X-CSRF-TOKEN") was successful  	[MsgId: MMSG-26392]
Action.c(1476): web_submit_data("loadState_2") started  	[MsgId: MMSG-26355]
Action.c(1476): web_submit_data("loadState_2") was successful, 609 body bytes, 250 header bytes, 28 chunking overhead bytes  	[MsgId: MMSG-26385]
Action.c(1488): web_submit_data("saveState") started  	[MsgId: MMSG-26355]
Action.c(1488): web_submit_data("saveState") was successful, 41 body bytes, 243 header bytes, 21 chunking overhead bytes  	[MsgId: MMSG-26385]
Action.c(1518): web_submit_data("saveState_2") started  	[MsgId: MMSG-26355]
Action.c(1518): web_submit_data("saveState_2") was successful, 41 body bytes, 243 header bytes, 21 chunking overhead bytes  	[MsgId: MMSG-26385]
Action.c(1548): web_remove_auto_header("Origin") started  	[MsgId: MMSG-26355]
Action.c(1548): Previous automatically added web header for "Origin" removed  	[MsgId: MMSG-26587]
Action.c(1548): web_remove/revert_auto_header("Origin") was successful  	[MsgId: MMSG-26392]
Action.c(1550): web_remove_auto_header("X-CSRF-TOKEN") started  	[MsgId: MMSG-26355]
Action.c(1550): Previous automatically added web header for "X-CSRF-TOKEN" removed  	[MsgId: MMSG-26587]
Action.c(1550): web_remove/revert_auto_header("X-CSRF-TOKEN") was successful  	[MsgId: MMSG-26392]
Action.c(1552): web_url("contextMenuTemplate.html_2") started  	[MsgId: MMSG-26355]
Action.c(1552): web_url("contextMenuTemplate.html_2") was successful, 2860 body bytes, 354 header bytes  	[MsgId: MMSG-26386]
Action.c(1561): web_add_header("Origin") started  	[MsgId: MMSG-26355]
Action.c(1561): web_add_header("Origin") was successful  	[MsgId: MMSG-26392]
Action.c(1564): web_add_header("X-CSRF-TOKEN") started  	[MsgId: MMSG-26355]
Action.c(1564): web_add_header("X-CSRF-TOKEN") was successful  	[MsgId: MMSG-26392]
Action.c(1567): web_submit_data("2_2") started  	[MsgId: MMSG-26355]
Action.c(1567): web_submit_data("2_2") was successful, 11072 body bytes, 250 header bytes, 169 chunking overhead bytes  	[MsgId: MMSG-26385]
Action.c(2049): web_url("casePrioritySelect.hbs") started  	[MsgId: MMSG-26355]
Action.c(2049): web_url("casePrioritySelect.hbs") was successful, 147 body bytes, 302 header bytes  	[MsgId: MMSG-26386]
Action.c(2058): web_url("viewAction.hbs") started  	[MsgId: MMSG-26355]
Action.c(2058): web_url("viewAction.hbs") was successful, 1016 body bytes, 295 header bytes  	[MsgId: MMSG-26386]
Action.c(2065): web_url("getActionViewList") started  	[MsgId: MMSG-26355]
Action.c(2065): web_url("getActionViewList") was successful, 1212 body bytes, 250 header bytes, 35 chunking overhead bytes  	[MsgId: MMSG-26385]
Action.c(2076): Notify: Transaction "ViewCaseFCE_04_IntakeQueue" ended with a "Pass" status (Duration: 7.9796 Wasted Time: 0.3520).
Action.c(2080): Notify: Transaction "ViewCaseFCE_05_IntakeQueueMyCases" started.
Action.c(2082): web_add_auto_header("Origin") started  	[MsgId: MMSG-26355]
Action.c(2082): web_add_auto_header("Origin") was successful  	[MsgId: MMSG-26392]
Action.c(2085): web_add_auto_header("X-CSRF-TOKEN") started  	[MsgId: MMSG-26355]
Action.c(2085): web_add_auto_header("X-CSRF-TOKEN") was successful  	[MsgId: MMSG-26392]
Action.c(2088): web_submit_data("2_3") started  	[MsgId: MMSG-26355]
Action.c(2088): web_submit_data("2_3") was successful, 10992 body bytes, 250 header bytes, 168 chunking overhead bytes  	[MsgId: MMSG-26385]
Action.c(2568): web_submit_data("saveState_3") started  	[MsgId: MMSG-26355]
Action.c(2568): web_submit_data("saveState_3") was successful, 41 body bytes, 243 header bytes, 21 chunking overhead bytes  	[MsgId: MMSG-26385]
Action.c(2598): Notify: Transaction "ViewCaseFCE_05_IntakeQueueMyCases" ended with a "Pass" status (Duration: 1.8011 Wasted Time: 0.0774).
Action.c(2603): Notify: Transaction "ViewCaseFCE_06_IntakeQueueAllCases" started.
Action.c(2605): web_submit_data("2_4") started  	[MsgId: MMSG-26355]
Action.c(2605): web_submit_data("2_4") was successful, 11072 body bytes, 250 header bytes, 169 chunking overhead bytes  	[MsgId: MMSG-26385]
Action.c(3085): web_submit_data("saveState_4") started  	[MsgId: MMSG-26355]
Action.c(3085): web_submit_data("saveState_4") was successful, 41 body bytes, 243 header bytes, 21 chunking overhead bytes  	[MsgId: MMSG-26385]
Action.c(3115): Notify: Transaction "ViewCaseFCE_06_IntakeQueueAllCases" ended with a "Pass" status (Duration: 2.3799 Wasted Time: 0.0679).
Action.c(3119): Notify: Transaction "ViewCaseFCE_SearchCase" started.
Action.c(3121): web_custom_request("saveState_5") started  	[MsgId: MMSG-26355]
Action.c(3121): web_custom_request("saveState_5") was successful, 41 body bytes, 243 header bytes, 21 chunking overhead bytes  	[MsgId: MMSG-26385]
Action.c(3139): web_reg_save_param_ex started  	[MsgId: MMSG-26355]
Action.c(3139): Registering web_reg_save_param_ex was successful  	[MsgId: MMSG-26390]
Action.c(3147): web_reg_find started  	[MsgId: MMSG-26355]
Action.c(3147): Registering web_reg_find was successful  	[MsgId: MMSG-26390]
Action.c(3151): web_submit_data("2_5") started  	[MsgId: MMSG-26355]
Action.c(3151): Registered web_reg_find successful for "Text=20200800138" (count=2)  	[MsgId: MMSG-26364]
Action.c(3151): web_submit_data("2_5") was successful, 1552 body bytes, 250 header bytes, 36 chunking overhead bytes  	[MsgId: MMSG-26385]
Action.c(3631): web_submit_data("saveState_6") started  	[MsgId: MMSG-26355]
Action.c(3631): web_submit_data("saveState_6") was successful, 41 body bytes, 243 header bytes, 21 chunking overhead bytes  	[MsgId: MMSG-26385]
Action.c(3662): Notify: Transaction "ViewCaseFCE_SearchCase" ended with a "Pass" status (Duration: 2.1985 Wasted Time: 0.0852).
Action.c(3666): Notify: Transaction "ViewCaseFCE_07_ViewCase_FCE_5Prod10Events" started.
Action.c(3670): web_reg_find started  	[MsgId: MMSG-26355]
Action.c(3670): Registering web_reg_find was successful  	[MsgId: MMSG-26390]
Action.c(3674): web_url("244399") started  	[MsgId: MMSG-26355]
Action.c(3674): Registered web_reg_find successful for "Text=PV Intake - Full Case Entry" (count=1)  	[MsgId: MMSG-26364]
Action.c(3674): web_url("244399") was successful, 76291 body bytes, 318 header bytes, 1069 chunking overhead bytes  	[MsgId: MMSG-26385]
Action.c(3683): web_concurrent_start started  	[MsgId: MMSG-26355]
Action.c(3683): web_concurrent_start was successful  	[MsgId: MMSG-26392]
Action.c(3685): web_url("case-entry-manifest-0691008e616302be087a77f0c4f6bc2a.css") started  	[MsgId: MMSG-26355]
Action.c(3685): Resource "http://10.100.22.243:8081/assets/app/case-entry/case-entry-manifest-0691008e616302be087a77f0c4f6bc2a.css" is in the cache already and will not be downloaded again  	[MsgId: MMSG-26655]
Action.c(3693): web_url("attachmentViewer-manifest-d21cd5ef9afc9d23b8e3146c7832bb09.css") started  	[MsgId: MMSG-26355]
Action.c(3693): Resource "http://10.100.22.243:8081/assets/vendor/documentViewer/attachmentViewer-manifest-d21cd5ef9afc9d23b8e3146c7832bb09.css" is in the cache already and will not be downloaded again  	[MsgId: MMSG-26655]
Action.c(3701): web_url("case-entry-manifest-326b4b6f7e313829e23e4a6c86b40dfb.js") started  	[MsgId: MMSG-26355]
Action.c(3701): Resource "http://10.100.22.243:8081/assets/app/case-entry/case-entry-manifest-326b4b6f7e313829e23e4a6c86b40dfb.js" is in the cache already and will not be downloaded again  	[MsgId: MMSG-26655]
Action.c(3717): web_url("en-US.json_3") started  	[MsgId: MMSG-26355]
Action.c(3717): Registering web_url("en-US.json_3") was successful  	[MsgId: MMSG-26390]
Action.c(3726): web_url("predefinedSearch.json_3") started  	[MsgId: MMSG-26355]
Action.c(3726): Registering web_url("predefinedSearch.json_3") was successful  	[MsgId: MMSG-26390]
Action.c(3735): web_url("downloadOverlayTemplate.html_3") started  	[MsgId: MMSG-26355]
Action.c(3735): Registering web_url("downloadOverlayTemplate.html_3") was successful  	[MsgId: MMSG-26390]
Action.c(3744): web_url("contextMenuTemplate.html_3") started  	[MsgId: MMSG-26355]
Action.c(3744): Registering web_url("contextMenuTemplate.html_3") was successful  	[MsgId: MMSG-26390]
Action.c(3753): web_url("esignOverlayTemplate.html_3") started  	[MsgId: MMSG-26355]
Action.c(3753): Registering web_url("esignOverlayTemplate.html_3") was successful  	[MsgId: MMSG-26390]
Action.c(3762): web_url("imageStampOverlayTemplate.html_3") started  	[MsgId: MMSG-26355]
Action.c(3762): Registering web_url("imageStampOverlayTemplate.html_3") was successful  	[MsgId: MMSG-26390]
Action.c(3771): web_url("redactionReason.json_3") started  	[MsgId: MMSG-26355]
Action.c(3771): Registering web_url("redactionReason.json_3") was successful  	[MsgId: MMSG-26390]
Action.c(3780): web_url("overwriteOverlayTemplate.html_3") started  	[MsgId: MMSG-26355]
Action.c(3780): Registering web_url("overwriteOverlayTemplate.html_3") was successful  	[MsgId: MMSG-26390]
Action.c(3789): web_url("pageRedactionOverlayTemplate.html_3") started  	[MsgId: MMSG-26355]
Action.c(3789): Registering web_url("pageRedactionOverlayTemplate.html_3") was successful  	[MsgId: MMSG-26390]
Action.c(3798): web_url("printOverlayTemplate.html_3") started  	[MsgId: MMSG-26355]
Action.c(3798): Registering web_url("printOverlayTemplate.html_3") was successful  	[MsgId: MMSG-26390]
Action.c(3807): web_url("redactionReasonTemplate.html_3") started  	[MsgId: MMSG-26355]
Action.c(3807): Registering web_url("redactionReasonTemplate.html_3") was successful  	[MsgId: MMSG-26390]
Action.c(3816): web_url("viewerTemplate.html_3") started  	[MsgId: MMSG-26355]
Action.c(3816): Registering web_url("viewerTemplate.html_3") was successful  	[MsgId: MMSG-26390]
Action.c(3825): web_url("unsavedChangesOverlayTemplate.html_3") started  	[MsgId: MMSG-26355]
Action.c(3825): Registering web_url("unsavedChangesOverlayTemplate.html_3") was successful  	[MsgId: MMSG-26390]
Action.c(3834): web_url("fetchReferenceData") started  	[MsgId: MMSG-26355]
Action.c(3834): Registering web_url("fetchReferenceData") was successful  	[MsgId: MMSG-26390]
Action.c(3843): web_url("product_template.hbs") started  	[MsgId: MMSG-26355]
Action.c(3843): Registering web_url("product_template.hbs") was successful  	[MsgId: MMSG-26390]
Action.c(3850): web_url("commentTemplate.html_3") started  	[MsgId: MMSG-26355]
Action.c(3850): Registering web_url("commentTemplate.html_3") was successful  	[MsgId: MMSG-26390]
Action.c(3861): web_url("product_browser.hbs") started  	[MsgId: MMSG-26355]
Action.c(3861): Registering web_url("product_browser.hbs") was successful  	[MsgId: MMSG-26390]
Action.c(3868): web_url("meddra_template.hbs") started  	[MsgId: MMSG-26355]
Action.c(3868): Registering web_url("meddra_template.hbs") was successful  	[MsgId: MMSG-26390]
Action.c(3875): web_url("meddra_browser.hbs") started  	[MsgId: MMSG-26355]
Action.c(3875): Registering web_url("meddra_browser.hbs") was successful  	[MsgId: MMSG-26390]
Action.c(3882): web_url("study_template.hbs") started  	[MsgId: MMSG-26355]
Action.c(3882): Registering web_url("study_template.hbs") was successful  	[MsgId: MMSG-26390]
Action.c(3889): web_url("study_browser.hbs") started  	[MsgId: MMSG-26355]
Action.c(3889): Registering web_url("study_browser.hbs") was successful  	[MsgId: MMSG-26390]
Action.c(3898): web_url("hyperlinkMenuTemplate.html_3") started  	[MsgId: MMSG-26355]
Action.c(3898): Registering web_url("hyperlinkMenuTemplate.html_3") was successful  	[MsgId: MMSG-26390]
Action.c(3907): web_url("copyOverlayTemplate.html_3") started  	[MsgId: MMSG-26355]
Action.c(3907): Registering web_url("copyOverlayTemplate.html_3") was successful  	[MsgId: MMSG-26390]
Action.c(3919): web_url("loadServerTime_3") started  	[MsgId: MMSG-26355]
Action.c(3919): Registering web_url("loadServerTime_3") was successful  	[MsgId: MMSG-26390]
Action.c(3928): web_url("getIngredients") started  	[MsgId: MMSG-26355]
Action.c(3928): Registering web_url("getIngredients") was successful  	[MsgId: MMSG-26390]
Action.c(3940): web_url("fetchAllUser") started  	[MsgId: MMSG-26355]
Action.c(3940): Registering web_url("fetchAllUser") was successful  	[MsgId: MMSG-26390]
Action.c(3949): web_url("referenceData_2") started  	[MsgId: MMSG-26355]
Action.c(3949): Registering web_url("referenceData_2") was successful  	[MsgId: MMSG-26390]
Action.c(3958): web_url("referenceData_3") started  	[MsgId: MMSG-26355]
Action.c(3958): Registering web_url("referenceData_3") was successful  	[MsgId: MMSG-26390]
Action.c(3967): web_url("getKaseMedDraHierarchyStored") started  	[MsgId: MMSG-26355]
Action.c(3967): Registering web_url("getKaseMedDraHierarchyStored") was successful  	[MsgId: MMSG-26390]
Action.c(3976): web_url("getActionViewList_2") started  	[MsgId: MMSG-26355]
Action.c(3976): Registering web_url("getActionViewList_2") was successful  	[MsgId: MMSG-26390]
Action.c(3985): web_concurrent_end started  	[MsgId: MMSG-26355]
Action.c(3985): web_concurrent_end was successful, 51077 body bytes, 9436 header bytes, 555 chunking overhead bytes  	[MsgId: MMSG-26385]
Action.c(3987): web_add_auto_header("Accept") started  	[MsgId: MMSG-26355]
Action.c(3987): web_add_auto_header("Accept") was successful  	[MsgId: MMSG-26392]
Action.c(3990): web_add_auto_header("Origin") started  	[MsgId: MMSG-26355]
Action.c(3990): web_add_auto_header("Origin") was successful  	[MsgId: MMSG-26392]
Action.c(3993): web_add_auto_header("X-CSRF-TOKEN") started  	[MsgId: MMSG-26355]
Action.c(3993): web_add_auto_header("X-CSRF-TOKEN") was successful  	[MsgId: MMSG-26392]
Action.c(3996): web_custom_request("fuqListForCase") started  	[MsgId: MMSG-26355]
Action.c(3996): web_custom_request("fuqListForCase") was successful, 80 body bytes, 250 header bytes, 21 chunking overhead bytes  	[MsgId: MMSG-26385]
Action.c(4011): web_custom_request("taskListForCase") started  	[MsgId: MMSG-26355]
Action.c(4011): web_custom_request("taskListForCase") was successful, 96 body bytes, 250 header bytes, 21 chunking overhead bytes  	[MsgId: MMSG-26385]
Action.c(4034): web_url("fetchAllTemplates") started  	[MsgId: MMSG-26355]
Action.c(4034): web_url("fetchAllTemplates") was successful, 14171 body bytes, 243 header bytes, 206 chunking overhead bytes  	[MsgId: MMSG-26385]
Action.c(4043): web_url("printTemplate.html_3") started  	[MsgId: MMSG-26355]
Action.c(4043): web_url("printTemplate.html_3") was successful, 2933 body bytes, 348 header bytes  	[MsgId: MMSG-26386]
Action.c(4054): Notify: Transaction "ViewCaseFCE_07_ViewCase_FCE_5Prod10Events" ended with a "Pass" status (Duration: 9.1885 Wasted Time: 0.4489).
Action.c(4058): Notify: Transaction "ViewCaseFCE_08_Back" started.
Action.c(4060): web_concurrent_start started  	[MsgId: MMSG-26355]
Action.c(4060): web_concurrent_start was successful  	[MsgId: MMSG-26392]
Action.c(4062): web_url("en-US.json_4") started  	[MsgId: MMSG-26355]
Action.c(4062): Registering web_url("en-US.json_4") was successful  	[MsgId: MMSG-26390]
Action.c(4071): web_url("predefinedSearch.json_4") started  	[MsgId: MMSG-26355]
Action.c(4071): Registering web_url("predefinedSearch.json_4") was successful  	[MsgId: MMSG-26390]
Action.c(4080): web_url("downloadOverlayTemplate.html_4") started  	[MsgId: MMSG-26355]
Action.c(4080): Registering web_url("downloadOverlayTemplate.html_4") was successful  	[MsgId: MMSG-26390]
Action.c(4089): web_url("redactionReason.json_4") started  	[MsgId: MMSG-26355]
Action.c(4089): Registering web_url("redactionReason.json_4") was successful  	[MsgId: MMSG-26390]
Action.c(4098): web_url("hyperlinkMenuTemplate.html_4") started  	[MsgId: MMSG-26355]
Action.c(4098): Registering web_url("hyperlinkMenuTemplate.html_4") was successful  	[MsgId: MMSG-26390]
Action.c(4107): web_url("imageStampOverlayTemplate.html_4") started  	[MsgId: MMSG-26355]
Action.c(4107): Registering web_url("imageStampOverlayTemplate.html_4") was successful  	[MsgId: MMSG-26390]
Action.c(4116): web_url("esignOverlayTemplate.html_4") started  	[MsgId: MMSG-26355]
Action.c(4116): Registering web_url("esignOverlayTemplate.html_4") was successful  	[MsgId: MMSG-26390]
Action.c(4125): web_url("pageRedactionOverlayTemplate.html_4") started  	[MsgId: MMSG-26355]
Action.c(4125): Registering web_url("pageRedactionOverlayTemplate.html_4") was successful  	[MsgId: MMSG-26390]
Action.c(4134): web_url("printOverlayTemplate.html_4") started  	[MsgId: MMSG-26355]
Action.c(4134): Registering web_url("printOverlayTemplate.html_4") was successful  	[MsgId: MMSG-26390]
Action.c(4143): web_url("redactionReasonTemplate.html_4") started  	[MsgId: MMSG-26355]
Action.c(4143): Registering web_url("redactionReasonTemplate.html_4") was successful  	[MsgId: MMSG-26390]
Action.c(4152): web_url("viewerTemplate.html_4") started  	[MsgId: MMSG-26355]
Action.c(4152): Registering web_url("viewerTemplate.html_4") was successful  	[MsgId: MMSG-26390]
Action.c(4161): web_url("unsavedChangesOverlayTemplate.html_4") started  	[MsgId: MMSG-26355]
Action.c(4161): Registering web_url("unsavedChangesOverlayTemplate.html_4") was successful  	[MsgId: MMSG-26390]
Action.c(4170): web_url("2_6") started  	[MsgId: MMSG-26355]
Action.c(4170): Registering web_url("2_6") was successful  	[MsgId: MMSG-26390]
Action.c(4182): web_url("loadServerTime_4") started  	[MsgId: MMSG-26355]
Action.c(4182): Registering web_url("loadServerTime_4") was successful  	[MsgId: MMSG-26390]
Action.c(4194): web_url("copyOverlayTemplate.html_4") started  	[MsgId: MMSG-26355]
Action.c(4194): Registering web_url("copyOverlayTemplate.html_4") was successful  	[MsgId: MMSG-26390]
Action.c(4203): web_url("printTemplate.html_4") started  	[MsgId: MMSG-26355]
Action.c(4203): Registering web_url("printTemplate.html_4") was successful  	[MsgId: MMSG-26390]
Action.c(4212): web_url("commentTemplate.html_4") started  	[MsgId: MMSG-26355]
Action.c(4212): Registering web_url("commentTemplate.html_4") was successful  	[MsgId: MMSG-26390]
Action.c(4221): web_concurrent_end started  	[MsgId: MMSG-26355]
Action.c(4221): web_concurrent_end was successful, 20472 body bytes, 5806 header bytes, 63 chunking overhead bytes  	[MsgId: MMSG-26385]
Action.c(4223): web_add_auto_header("Origin") started  	[MsgId: MMSG-26355]
Action.c(4223): web_add_auto_header("Origin") was successful  	[MsgId: MMSG-26392]
Action.c(4226): web_add_auto_header("X-CSRF-TOKEN") started  	[MsgId: MMSG-26355]
Action.c(4226): web_add_auto_header("X-CSRF-TOKEN") was successful  	[MsgId: MMSG-26392]
Action.c(4229): web_submit_data("saveState_7") started  	[MsgId: MMSG-26355]
Action.c(4229): web_submit_data("saveState_7") was successful, 41 body bytes, 243 header bytes, 21 chunking overhead bytes  	[MsgId: MMSG-26385]
Action.c(4259): web_submit_data("2_7") started  	[MsgId: MMSG-26355]
Action.c(4259): web_submit_data("2_7") was successful, 1552 body bytes, 250 header bytes, 36 chunking overhead bytes  	[MsgId: MMSG-26385]
Action.c(4739): web_remove_auto_header("Origin") started  	[MsgId: MMSG-26355]
Action.c(4739): Previous automatically added web header for "Origin" removed  	[MsgId: MMSG-26587]
Action.c(4739): web_remove/revert_auto_header("Origin") was successful  	[MsgId: MMSG-26392]
Action.c(4741): web_remove_auto_header("X-CSRF-TOKEN") started  	[MsgId: MMSG-26355]
Action.c(4741): Previous automatically added web header for "X-CSRF-TOKEN" removed  	[MsgId: MMSG-26587]
Action.c(4741): web_remove/revert_auto_header("X-CSRF-TOKEN") was successful  	[MsgId: MMSG-26392]
Action.c(4743): web_url("getActionViewList_3") started  	[MsgId: MMSG-26355]
Action.c(4743): web_url("getActionViewList_3") was successful, 1212 body bytes, 250 header bytes, 35 chunking overhead bytes  	[MsgId: MMSG-26385]
Action.c(4752): web_add_auto_header("Origin") started  	[MsgId: MMSG-26355]
Action.c(4752): web_add_auto_header("Origin") was successful  	[MsgId: MMSG-26392]
Action.c(4755): web_add_auto_header("X-CSRF-TOKEN") started  	[MsgId: MMSG-26355]
Action.c(4755): web_add_auto_header("X-CSRF-TOKEN") was successful  	[MsgId: MMSG-26392]
Action.c(4758): web_submit_data("saveState_8") started  	[MsgId: MMSG-26355]
Action.c(4758): web_submit_data("saveState_8") was successful, 41 body bytes, 243 header bytes, 21 chunking overhead bytes  	[MsgId: MMSG-26385]
Action.c(4788): Notify: Transaction "ViewCaseFCE_08_Back" ended with a "Pass" status (Duration: 5.4611 Wasted Time: 0.2128).
Action.c(4793): Notify: Transaction "ViewCaseFCE_ClearFilter" started.
Action.c(4795): web_custom_request("saveState_9") started  	[MsgId: MMSG-26355]
Action.c(4795): web_custom_request("saveState_9") was successful, 41 body bytes, 243 header bytes, 21 chunking overhead bytes  	[MsgId: MMSG-26385]
Action.c(4809): web_submit_data("2_8") started  	[MsgId: MMSG-26355]
Action.c(4809): web_submit_data("2_8") was successful, 11072 body bytes, 250 header bytes, 169 chunking overhead bytes  	[MsgId: MMSG-26385]
Action.c(5289): web_submit_data("saveState_10") started  	[MsgId: MMSG-26355]
Action.c(5289): web_submit_data("saveState_10") was successful, 41 body bytes, 243 header bytes, 21 chunking overhead bytes  	[MsgId: MMSG-26385]
Action.c(5319): Notify: Transaction "ViewCaseFCE_ClearFilter" ended with a "Pass" status (Duration: 2.4954 Wasted Time: 0.0850).
Action.c(5323): Notify: Transaction "ViewCaseFCE_09_NavigateToPVAdmin" started.
Action.c(5326): web_reg_find started  	[MsgId: MMSG-26355]
Action.c(5326): Registering web_reg_find was successful  	[MsgId: MMSG-26390]
Action.c(5330): web_url("10.100.22.34:8083") started  	[MsgId: MMSG-26355]
Action.c(5330): Registered web_reg_find successful for "Text=Welcome to PV Admin" (count=3)  	[MsgId: MMSG-26364]
Action.c(5330): web_url("10.100.22.34:8083") was successful, 3269 body bytes, 265 header bytes, 63 chunking overhead bytes  	[MsgId: MMSG-26385]
Action.c(5341): web_url("en.json_2") started  	[MsgId: MMSG-26355]
Action.c(5341): web_url("en.json_2") was successful, 725 body bytes, 317 header bytes  	[MsgId: MMSG-26386]
Action.c(5348): Notify: Transaction "ViewCaseFCE_09_NavigateToPVAdmin" ended with a "Pass" status (Duration: 2.0149 Wasted Time: 0.0504).
Action.c(5352): Notify: Transaction "ViewCaseFCE_10_Logout" started.
Action.c(5354): web_reg_find started  	[MsgId: MMSG-26355]
Action.c(5354): Registering web_reg_find was successful  	[MsgId: MMSG-26390]
Action.c(5358): web_url("Logout") started  	[MsgId: MMSG-26355]
Action.c(5358): Redirecting "http://10.100.22.34:8083/logout" (redirection depth is 0)  	[MsgId: MMSG-26694]
Action.c(5358): To location "http://10.100.22.34:8083/logoff"  	[MsgId: MMSG-26693]
Action.c(5358): Redirecting "http://10.100.22.34:8083/logoff" (redirection depth is 1)  	[MsgId: MMSG-26694]
Action.c(5358): To location "http://10.100.22.34:8083/external"  	[MsgId: MMSG-26693]
Action.c(5358): Registered web_reg_find successful for "Text=Login" (count=1)  	[MsgId: MMSG-26364]
Action.c(5358): web_url("Logout") was successful, 1178 body bytes, 748 header bytes, 35 chunking overhead bytes  	[MsgId: MMSG-26385]
Action.c(5367): Notify: Transaction "ViewCaseFCE_10_Logout" ended with a "Pass" status (Duration: 1.5841 Wasted Time: 0.0355).
Ending action Action.
Ending iteration 2.
Ending Vuser...
Starting action vuser_end.
Ending action vuser_end.
Vuser Terminated.
